This file contains any messages produced by compilers while
running configure, to aid debugging if configure makes a mistake.

It was created by CoinUtils configure 2.9.12, which was
generated by GNU Autoconf 2.59.  Invocation command line was

  $ ./configure --prefix=/Users/channgo/Working/c4b-new/modif/pasta/packages/sandbox --with-lapack=no --enable-static --prefix=/Users/channgo/Working/c4b-new/modif/pasta/packages/sandbox CC=cc CXX=c++ --cache-file=/dev/null --srcdir=.

## --------- ##
## Platform. ##
## --------- ##

hostname = Chans-MacBook-Pro.local
uname -m = x86_64
uname -r = 16.1.0
uname -s = Darwin
uname -v = Darwin Kernel Version 16.1.0: Thu Oct 13 21:26:57 PDT 2016; root:xnu-3789.21.3~60/RELEASE_X86_64

/usr/bin/uname -p = i386
/bin/uname -X     = unknown

/bin/arch              = unknown
/usr/bin/arch -k       = unknown
/usr/convex/getsysinfo = unknown
hostinfo               = Mach kernel version:
	 Darwin Kernel Version 16.1.0: Thu Oct 13 21:26:57 PDT 2016; root:xnu-3789.21.3~60/RELEASE_X86_64
Kernel configured for up to 4 processors.
2 processors are physically available.
4 processors are logically available.
Processor type: x86_64h (Intel x86-64h Haswell)
Processors active: 0 1 2 3
Primary memory available: 8.00 gigabytes
Default processor set: 353 tasks, 1473 threads, 4 processors
Load average: 2.34, Mach factor: 1.65
/bin/machine           = unknown
/usr/bin/oslevel       = unknown
/bin/universe          = unknown

PATH: /Library/Frameworks/Python.framework/Versions/3.5/bin
PATH: /Library/Frameworks/Python.framework/Versions/3.5/bin
PATH: /usr/local/Cellar/ocaml/4.03.0/bin
PATH: /Users/channgo/.opam/4.03.0/bin
PATH: /usr/local/bin
PATH: /usr/bin
PATH: /bin
PATH: /usr/sbin
PATH: /sbin
PATH: /usr/local/bin
PATH: /opt/X11/bin
PATH: /usr/local/CrossPack-AVR/bin
PATH: /Library/TeX/texbin
PATH: /usr/local/boost/boost_1_59_0


## ----------- ##
## Core tests. ##
## ----------- ##

configure:1709: checking build system type
configure:1727: result: i386-apple-darwin16.1.0
configure:1800: checking for svnversion
configure:1816: found /usr/local/bin/svnversion
configure:1827: result: yes
configure:1857: checking whether we want to compile in debug mode
configure:1903: result: no
configure:2199: checking for C compiler version
configure:2202: cc --version </dev/null >&5
Apple LLVM version 8.0.0 (clang-800.0.42.1)
Target: x86_64-apple-darwin16.1.0
Thread model: posix
InstalledDir: /Applications/Xcode.app/Contents/Developer/Toolchains/XcodeDefault.xctoolchain/usr/bin
configure:2205: $? = 0
configure:2207: cc -v </dev/null >&5
Apple LLVM version 8.0.0 (clang-800.0.42.1)
Target: x86_64-apple-darwin16.1.0
Thread model: posix
InstalledDir: /Applications/Xcode.app/Contents/Developer/Toolchains/XcodeDefault.xctoolchain/usr/bin
configure:2210: $? = 0
configure:2212: cc -V </dev/null >&5
clang: error: argument to '-V' is missing (expected 1 value)
clang: error: no input files
configure:2215: $? = 1
configure:2238: checking for C compiler default output file name
configure:2241: cc    conftest.c  >&5
configure:2244: $? = 0
configure:2290: result: a.out
configure:2295: checking whether the C compiler works
configure:2301: ./a.out
configure:2304: $? = 0
configure:2321: result: yes
configure:2328: checking whether we are cross compiling
configure:2330: result: no
configure:2333: checking for suffix of executables
configure:2335: cc -o conftest    conftest.c  >&5
configure:2338: $? = 0
configure:2363: result: 
configure:2369: checking for suffix of object files
configure:2390: cc -c   conftest.c >&5
configure:2393: $? = 0
configure:2415: result: o
configure:2419: checking whether we are using the GNU C compiler
configure:2443: cc -c   conftest.c >&5
configure:2449: $? = 0
configure:2453: test -z 
			 || test ! -s conftest.err
configure:2456: $? = 0
configure:2459: test -s conftest.o
configure:2462: $? = 0
configure:2475: result: yes
configure:2481: checking whether cc accepts -g
configure:2502: cc -c -g  conftest.c >&5
configure:2508: $? = 0
configure:2512: test -z 
			 || test ! -s conftest.err
configure:2515: $? = 0
configure:2518: test -s conftest.o
configure:2521: $? = 0
configure:2532: result: yes
configure:2549: checking for cc option to accept ANSI C
configure:2619: cc  -c -g -O2  conftest.c >&5
configure:2625: $? = 0
configure:2629: test -z 
			 || test ! -s conftest.err
configure:2632: $? = 0
configure:2635: test -s conftest.o
configure:2638: $? = 0
configure:2656: result: none needed
configure:2674: cc -c -g -O2  conftest.c >&5
conftest.c:2:3: error: unknown type name 'choke'
  choke me
  ^
conftest.c:2:11: error: expected ';' after top level declarator
  choke me
          ^
          ;
2 errors generated.
configure:2680: $? = 1
configure: failed program was:
| #ifndef __cplusplus
|   choke me
| #endif
configure:3108: cc -o conftest -O3 -pipe -DNDEBUG -Wimplicit -Wparentheses -Wsequence-point -Wreturn-type -Wcast-qual -Wall -Wno-unknown-pragmas -Wno-long-long   -DCOINUTILS_BUILD   conftest.c  >&5
configure:3114: $? = 0
configure:3118: test -z 
			 || test ! -s conftest.err
configure:3121: $? = 0
configure:3124: test -s conftest
configure:3127: $? = 0
configure:3194: C compiler options are: -O3 -pipe -DNDEBUG -Wimplicit -Wparentheses -Wsequence-point -Wreturn-type -Wcast-qual -Wall -Wno-unknown-pragmas -Wno-long-long   -DCOINUTILS_BUILD
configure:3351: checking for C++ compiler version
configure:3354: c++ --version </dev/null >&5
Apple LLVM version 8.0.0 (clang-800.0.42.1)
Target: x86_64-apple-darwin16.1.0
Thread model: posix
InstalledDir: /Applications/Xcode.app/Contents/Developer/Toolchains/XcodeDefault.xctoolchain/usr/bin
configure:3357: $? = 0
configure:3359: c++ -v </dev/null >&5
Apple LLVM version 8.0.0 (clang-800.0.42.1)
Target: x86_64-apple-darwin16.1.0
Thread model: posix
InstalledDir: /Applications/Xcode.app/Contents/Developer/Toolchains/XcodeDefault.xctoolchain/usr/bin
configure:3362: $? = 0
configure:3364: c++ -V </dev/null >&5
clang: error: argument to '-V' is missing (expected 1 value)
clang: error: no input files
configure:3367: $? = 1
configure:3370: checking whether we are using the GNU C++ compiler
configure:3394: c++ -c   conftest.cc >&5
configure:3400: $? = 0
configure:3404: test -z 
			 || test ! -s conftest.err
configure:3407: $? = 0
configure:3410: test -s conftest.o
configure:3413: $? = 0
configure:3426: result: yes
configure:3432: checking whether c++ accepts -g
configure:3453: c++ -c -g  conftest.cc >&5
configure:3459: $? = 0
configure:3463: test -z 
			 || test ! -s conftest.err
configure:3466: $? = 0
configure:3469: test -s conftest.o
configure:3472: $? = 0
configure:3483: result: yes
configure:3525: c++ -c -g -O2  conftest.cc >&5
configure:3531: $? = 0
configure:3535: test -z 
			 || test ! -s conftest.err
configure:3538: $? = 0
configure:3541: test -s conftest.o
configure:3544: $? = 0
configure:3570: c++ -c -g -O2  conftest.cc >&5
conftest.cc:19:1: error: use of undeclared identifier 'exit'
exit (42);
^
1 error generated.
configure:3576: $? = 1
configure: failed program was:
| /* confdefs.h.  */
| 
| #define PACKAGE_NAME "CoinUtils"
| #define PACKAGE_TARNAME "coinutils"
| #define PACKAGE_VERSION "2.9.12"
| #define PACKAGE_STRING "CoinUtils 2.9.12"
| #define PACKAGE_BUGREPORT "http://projects.coin-or.org/CoinUtils"
| #define COINUTILS_VERSION "2.9.12"
| #define COINUTILS_VERSION_MAJOR 2
| #define COINUTILS_VERSION_MINOR 9
| #define COINUTILS_VERSION_RELEASE 12
| #define COIN_COINUTILS_VERBOSITY 0
| #define COIN_COINUTILS_CHECKLEVEL 0
| /* end confdefs.h.  */
| 
| int
| main ()
| {
| exit (42);
|   ;
|   return 0;
| }
configure:3525: c++ -c -g -O2  conftest.cc >&5
conftest.cc:15:17: error: use of undeclared identifier 'std'
extern "C" void std::exit (int) throw (); using std::exit;
                ^
conftest.cc:15:49: error: use of undeclared identifier 'std'
extern "C" void std::exit (int) throw (); using std::exit;
                                                ^
2 errors generated.
configure:3531: $? = 1
configure: failed program was:
| /* confdefs.h.  */
| 
| #define PACKAGE_NAME "CoinUtils"
| #define PACKAGE_TARNAME "coinutils"
| #define PACKAGE_VERSION "2.9.12"
| #define PACKAGE_STRING "CoinUtils 2.9.12"
| #define PACKAGE_BUGREPORT "http://projects.coin-or.org/CoinUtils"
| #define COINUTILS_VERSION "2.9.12"
| #define COINUTILS_VERSION_MAJOR 2
| #define COINUTILS_VERSION_MINOR 9
| #define COINUTILS_VERSION_RELEASE 12
| #define COIN_COINUTILS_VERBOSITY 0
| #define COIN_COINUTILS_CHECKLEVEL 0
| /* end confdefs.h.  */
| extern "C" void std::exit (int) throw (); using std::exit;
| #include <stdlib.h>
| int
| main ()
| {
| exit (42);
|   ;
|   return 0;
| }
configure:3525: c++ -c -g -O2  conftest.cc >&5
conftest.cc:15:17: error: use of undeclared identifier 'std'
extern "C" void std::exit (int); using std::exit;
                ^
conftest.cc:15:40: error: use of undeclared identifier 'std'
extern "C" void std::exit (int); using std::exit;
                                       ^
2 errors generated.
configure:3531: $? = 1
configure: failed program was:
| /* confdefs.h.  */
| 
| #define PACKAGE_NAME "CoinUtils"
| #define PACKAGE_TARNAME "coinutils"
| #define PACKAGE_VERSION "2.9.12"
| #define PACKAGE_STRING "CoinUtils 2.9.12"
| #define PACKAGE_BUGREPORT "http://projects.coin-or.org/CoinUtils"
| #define COINUTILS_VERSION "2.9.12"
| #define COINUTILS_VERSION_MAJOR 2
| #define COINUTILS_VERSION_MINOR 9
| #define COINUTILS_VERSION_RELEASE 12
| #define COIN_COINUTILS_VERBOSITY 0
| #define COIN_COINUTILS_CHECKLEVEL 0
| /* end confdefs.h.  */
| extern "C" void std::exit (int); using std::exit;
| #include <stdlib.h>
| int
| main ()
| {
| exit (42);
|   ;
|   return 0;
| }
configure:3525: c++ -c -g -O2  conftest.cc >&5
In file included from conftest.cc:16:
/usr/include/stdlib.h:142:7: error: 'exit' is missing exception specification 'throw()'
void     exit(int) __dead2;
         ^
conftest.cc:15:17: note: previous declaration is here
extern "C" void exit (int) throw ();
                ^
1 error generated.
configure:3531: $? = 1
configure: failed program was:
| /* confdefs.h.  */
| 
| #define PACKAGE_NAME "CoinUtils"
| #define PACKAGE_TARNAME "coinutils"
| #define PACKAGE_VERSION "2.9.12"
| #define PACKAGE_STRING "CoinUtils 2.9.12"
| #define PACKAGE_BUGREPORT "http://projects.coin-or.org/CoinUtils"
| #define COINUTILS_VERSION "2.9.12"
| #define COINUTILS_VERSION_MAJOR 2
| #define COINUTILS_VERSION_MINOR 9
| #define COINUTILS_VERSION_RELEASE 12
| #define COIN_COINUTILS_VERBOSITY 0
| #define COIN_COINUTILS_CHECKLEVEL 0
| /* end confdefs.h.  */
| extern "C" void exit (int) throw ();
| #include <stdlib.h>
| int
| main ()
| {
| exit (42);
|   ;
|   return 0;
| }
configure:3525: c++ -c -g -O2  conftest.cc >&5
configure:3531: $? = 0
configure:3535: test -z 
			 || test ! -s conftest.err
configure:3538: $? = 0
configure:3541: test -s conftest.o
configure:3544: $? = 0
configure:3570: c++ -c -g -O2  conftest.cc >&5
configure:3576: $? = 0
configure:3580: test -z 
			 || test ! -s conftest.err
configure:3583: $? = 0
configure:3586: test -s conftest.o
configure:3589: $? = 0
configure:3621: checking whether C++ compiler c++ works
configure:3639: c++ -c -g -O2  conftest.cc >&5
configure:3645: $? = 0
configure:3649: test -z 
			 || test ! -s conftest.err
configure:3652: $? = 0
configure:3655: test -s conftest.o
configure:3658: $? = 0
configure:3660: result: yes
configure:3988: c++ -o conftest -O3 -pipe -DNDEBUG -Wparentheses -Wreturn-type -Wcast-qual -Wall -Wpointer-arith -Wwrite-strings -Wconversion -Wno-unknown-pragmas -Wno-long-long   -DCOINUTILS_BUILD   conftest.cc  >&5
configure:3994: $? = 0
configure:3998: test -z 
			 || test ! -s conftest.err
configure:4001: $? = 0
configure:4004: test -s conftest
configure:4007: $? = 0
configure:4074: C++ compiler options are: -O3 -pipe -DNDEBUG -Wparentheses -Wreturn-type -Wcast-qual -Wall -Wpointer-arith -Wwrite-strings -Wconversion -Wno-unknown-pragmas -Wno-long-long   -DCOINUTILS_BUILD
configure:4145: Trying to determine Fortran compiler name
configure:4194: checking for xlf_r
configure:4223: result: no
configure:4194: checking for fort77
configure:4223: result: no
configure:4194: checking for gfortran
configure:4210: found /usr/local/bin/gfortran
configure:4220: result: gfortran
configure:4328: checking for Fortran 77 compiler version
configure:4331: gfortran --version </dev/null >&5
GNU Fortran (Homebrew gcc 6.2.0) 6.2.0
Copyright (C) 2016 Free Software Foundation, Inc.
This is free software; see the source for copying conditions.  There is NO
warranty; not even for MERCHANTABILITY or FITNESS FOR A PARTICULAR PURPOSE.

configure:4334: $? = 0
configure:4336: gfortran -v </dev/null >&5
Using built-in specs.
COLLECT_GCC=gfortran
COLLECT_LTO_WRAPPER=/usr/local/Cellar/gcc/6.2.0/libexec/gcc/x86_64-apple-darwin16.0.0/6.2.0/lto-wrapper
Target: x86_64-apple-darwin16.0.0
Configured with: ../configure --build=x86_64-apple-darwin16.0.0 --prefix=/usr/local/Cellar/gcc/6.2.0 --libdir=/usr/local/Cellar/gcc/6.2.0/lib/gcc/6 --enable-languages=c,c++,objc,obj-c++,fortran --program-suffix=-6 --with-gmp=/usr/local/opt/gmp --with-mpfr=/usr/local/opt/mpfr --with-mpc=/usr/local/opt/libmpc --with-isl=/usr/local/opt/isl --with-system-zlib --enable-libstdcxx-time=yes --enable-stage1-checking --enable-checking=release --enable-lto --with-build-config=bootstrap-debug --disable-werror --with-pkgversion='Homebrew gcc 6.2.0' --with-bugurl=https://github.com/Homebrew/homebrew/issues --enable-plugin --disable-nls --enable-multilib --with-native-system-header-dir=/usr/include --with-sysroot=/Applications/Xcode.app/Contents/Developer/Platforms/MacOSX.platform/Developer/SDKs/MacOSX10.12.sdk
Thread model: posix
gcc version 6.2.0 (Homebrew gcc 6.2.0) 
configure:4339: $? = 0
configure:4341: gfortran -V </dev/null >&5
gfortran: error: unrecognized command line option '-V'
gfortran: fatal error: no input files
compilation terminated.
configure:4344: $? = 1
configure:4352: checking whether we are using the GNU Fortran 77 compiler
configure:4366: gfortran -c  conftest.F >&5
configure:4372: $? = 0
configure:4376: test -z 
			 || test ! -s conftest.err
configure:4379: $? = 0
configure:4382: test -s conftest.o
configure:4385: $? = 0
configure:4398: result: yes
configure:4404: checking whether gfortran accepts -g
configure:4416: gfortran -c -g conftest.f >&5
configure:4422: $? = 0
configure:4426: test -z 
			 || test ! -s conftest.err
configure:4429: $? = 0
configure:4432: test -s conftest.o
configure:4435: $? = 0
configure:4447: result: yes
configure:4682: gfortran -o conftest -O3 -pipe    conftest.f  >&5
configure:4688: $? = 0
configure:4692: test -z 
			 || test ! -s conftest.err
configure:4695: $? = 0
configure:4698: test -s conftest
configure:4701: $? = 0
configure:4759: Fortran compiler options are: -O3 -pipe  
configure:4793: checking how to get verbose linking output from gfortran
configure:4804: gfortran -c -O3 -pipe   conftest.f >&5
configure:4810: $? = 0
configure:4814: test -z 
			 || test ! -s conftest.err
configure:4817: $? = 0
configure:4820: test -s conftest.o
configure:4823: $? = 0
configure:4840: gfortran -o conftest -O3 -pipe   -v  conftest.f  >&5
Using built-in specs.
COLLECT_GCC=gfortran
COLLECT_LTO_WRAPPER=/usr/local/Cellar/gcc/6.2.0/libexec/gcc/x86_64-apple-darwin16.0.0/6.2.0/lto-wrapper
Target: x86_64-apple-darwin16.0.0
Configured with: ../configure --build=x86_64-apple-darwin16.0.0 --prefix=/usr/local/Cellar/gcc/6.2.0 --libdir=/usr/local/Cellar/gcc/6.2.0/lib/gcc/6 --enable-languages=c,c++,objc,obj-c++,fortran --program-suffix=-6 --with-gmp=/usr/local/opt/gmp --with-mpfr=/usr/local/opt/mpfr --with-mpc=/usr/local/opt/libmpc --with-isl=/usr/local/opt/isl --with-system-zlib --enable-libstdcxx-time=yes --enable-stage1-checking --enable-checking=release --enable-lto --with-build-config=bootstrap-debug --disable-werror --with-pkgversion='Homebrew gcc 6.2.0' --with-bugurl=https://github.com/Homebrew/homebrew/issues --enable-plugin --disable-nls --enable-multilib --with-native-system-header-dir=/usr/include --with-sysroot=/Applications/Xcode.app/Contents/Developer/Platforms/MacOSX.platform/Developer/SDKs/MacOSX10.12.sdk
Thread model: posix
gcc version 6.2.0 (Homebrew gcc 6.2.0) 
COLLECT_GCC_OPTIONS='-o' 'conftest' '-O3' '-pipe' '-v' '-mmacosx-version-min=10.12.1' '-shared-libgcc' '-mtune=core2'
 /usr/local/Cellar/gcc/6.2.0/libexec/gcc/x86_64-apple-darwin16.0.0/6.2.0/f951 conftest.f -ffixed-form -fPIC -quiet -dumpbase conftest.f -mmacosx-version-min=10.12.1 -mtune=core2 -auxbase conftest -O3 -version -fintrinsic-modules-path /usr/local/Cellar/gcc/6.2.0/lib/gcc/6/gcc/x86_64-apple-darwin16.0.0/6.2.0/finclude -o - |
 as -arch x86_64 -force_cpusubtype_ALL -o /var/folders/7r/3stzw3rs7qb192k81109c1gh0000gn/T//ccWzAPkH.o
GNU Fortran (Homebrew gcc 6.2.0) version 6.2.0 (x86_64-apple-darwin16.0.0)
	compiled by GNU C version 6.2.0, GMP version 6.1.1, MPFR version 3.1.4-p1, MPC version 1.0.3, isl version 0.15
warning: MPFR header version 3.1.4-p1 differs from library version 3.1.5.
GGC heuristics: --param ggc-min-expand=100 --param ggc-min-heapsize=131072
GNU Fortran2008 (Homebrew gcc 6.2.0) version 6.2.0 (x86_64-apple-darwin16.0.0)
	compiled by GNU C version 6.2.0, GMP version 6.1.1, MPFR version 3.1.4-p1, MPC version 1.0.3, isl version 0.15
warning: MPFR header version 3.1.4-p1 differs from library version 3.1.5.
GGC heuristics: --param ggc-min-expand=100 --param ggc-min-heapsize=131072
Reading specs from /usr/local/Cellar/gcc/6.2.0/lib/gcc/6/gcc/x86_64-apple-darwin16.0.0/6.2.0/../../../libgfortran.spec
rename spec lib to liborig
COLLECT_GCC_OPTIONS='-o' 'conftest' '-O3' '-pipe' '-v' '-mmacosx-version-min=10.12.1' '-shared-libgcc' '-mtune=core2'
COMPILER_PATH=/usr/local/Cellar/gcc/6.2.0/libexec/gcc/x86_64-apple-darwin16.0.0/6.2.0/:/usr/local/Cellar/gcc/6.2.0/libexec/gcc/x86_64-apple-darwin16.0.0/6.2.0/:/usr/local/Cellar/gcc/6.2.0/libexec/gcc/x86_64-apple-darwin16.0.0/:/usr/local/Cellar/gcc/6.2.0/lib/gcc/6/gcc/x86_64-apple-darwin16.0.0/6.2.0/:/usr/local/Cellar/gcc/6.2.0/lib/gcc/6/gcc/x86_64-apple-darwin16.0.0/
LIBRARY_PATH=/usr/local/Cellar/gcc/6.2.0/lib/gcc/6/gcc/x86_64-apple-darwin16.0.0/6.2.0/:/usr/local/Cellar/gcc/6.2.0/lib/gcc/6/gcc/x86_64-apple-darwin16.0.0/6.2.0/../../../
COLLECT_GCC_OPTIONS='-o' 'conftest' '-O3' '-pipe' '-v' '-mmacosx-version-min=10.12.1' '-shared-libgcc' '-mtune=core2'
 /usr/local/Cellar/gcc/6.2.0/libexec/gcc/x86_64-apple-darwin16.0.0/6.2.0/collect2 -syslibroot /Applications/Xcode.app/Contents/Developer/Platforms/MacOSX.platform/Developer/SDKs/MacOSX10.12.sdk/ -dynamic -arch x86_64 -macosx_version_min 10.12.1 -weak_reference_mismatches non-weak -o conftest -L/usr/local/Cellar/gcc/6.2.0/lib/gcc/6/gcc/x86_64-apple-darwin16.0.0/6.2.0 -L/usr/local/Cellar/gcc/6.2.0/lib/gcc/6/gcc/x86_64-apple-darwin16.0.0/6.2.0/../../.. /var/folders/7r/3stzw3rs7qb192k81109c1gh0000gn/T//ccWzAPkH.o -lgfortran -no_compact_unwind -lSystem -lgcc_ext.10.5 -lgcc -lquadmath -lm -lgcc_ext.10.5 -lgcc -lSystem -v
collect2 version 6.2.0
/usr/bin/ld -syslibroot /Applications/Xcode.app/Contents/Developer/Platforms/MacOSX.platform/Developer/SDKs/MacOSX10.12.sdk/ -dynamic -arch x86_64 -macosx_version_min 10.12.1 -weak_reference_mismatches non-weak -o conftest -L/usr/local/Cellar/gcc/6.2.0/lib/gcc/6/gcc/x86_64-apple-darwin16.0.0/6.2.0 -L/usr/local/Cellar/gcc/6.2.0/lib/gcc/6/gcc/x86_64-apple-darwin16.0.0/6.2.0/../../.. /var/folders/7r/3stzw3rs7qb192k81109c1gh0000gn/T//ccWzAPkH.o -lgfortran -no_compact_unwind -lSystem -lgcc_ext.10.5 -lgcc -lquadmath -lm -lgcc_ext.10.5 -lgcc -lSystem -v
@(#)PROGRAM:ld  PROJECT:ld64-274.1
configured to support archs: armv6 armv7 armv7s arm64 i386 x86_64 x86_64h armv6m armv7k armv7m armv7em (tvOS)
Library search paths:
	/usr/local/Cellar/gcc/6.2.0/lib/gcc/6/gcc/x86_64-apple-darwin16.0.0/6.2.0
	/usr/local/Cellar/gcc/6.2.0/lib/gcc/6
	/Applications/Xcode.app/Contents/Developer/Platforms/MacOSX.platform/Developer/SDKs/MacOSX10.12.sdk/usr/lib
Framework search paths:
	/Applications/Xcode.app/Contents/Developer/Platforms/MacOSX.platform/Developer/SDKs/MacOSX10.12.sdk/System/Library/Frameworks/
 /usr/local/bin/gnm -n /var/folders/7r/3stzw3rs7qb192k81109c1gh0000gn/T//ccWzAPkH.o
configure:4895: result: -v
configure:4897: checking for Fortran libraries of gfortran
configure:4918: gfortran -o conftest -O3 -pipe   -v  conftest.f  >&5
Using built-in specs.
COLLECT_GCC=gfortran
COLLECT_LTO_WRAPPER=/usr/local/Cellar/gcc/6.2.0/libexec/gcc/x86_64-apple-darwin16.0.0/6.2.0/lto-wrapper
Target: x86_64-apple-darwin16.0.0
Configured with: ../configure --build=x86_64-apple-darwin16.0.0 --prefix=/usr/local/Cellar/gcc/6.2.0 --libdir=/usr/local/Cellar/gcc/6.2.0/lib/gcc/6 --enable-languages=c,c++,objc,obj-c++,fortran --program-suffix=-6 --with-gmp=/usr/local/opt/gmp --with-mpfr=/usr/local/opt/mpfr --with-mpc=/usr/local/opt/libmpc --with-isl=/usr/local/opt/isl --with-system-zlib --enable-libstdcxx-time=yes --enable-stage1-checking --enable-checking=release --enable-lto --with-build-config=bootstrap-debug --disable-werror --with-pkgversion='Homebrew gcc 6.2.0' --with-bugurl=https://github.com/Homebrew/homebrew/issues --enable-plugin --disable-nls --enable-multilib --with-native-system-header-dir=/usr/include --with-sysroot=/Applications/Xcode.app/Contents/Developer/Platforms/MacOSX.platform/Developer/SDKs/MacOSX10.12.sdk
Thread model: posix
gcc version 6.2.0 (Homebrew gcc 6.2.0) 
COLLECT_GCC_OPTIONS='-o' 'conftest' '-O3' '-pipe' '-v' '-mmacosx-version-min=10.12.1' '-shared-libgcc' '-mtune=core2'
 /usr/local/Cellar/gcc/6.2.0/libexec/gcc/x86_64-apple-darwin16.0.0/6.2.0/f951 conftest.f -ffixed-form -fPIC -quiet -dumpbase conftest.f -mmacosx-version-min=10.12.1 -mtune=core2 -auxbase conftest -O3 -version -fintrinsic-modules-path /usr/local/Cellar/gcc/6.2.0/lib/gcc/6/gcc/x86_64-apple-darwin16.0.0/6.2.0/finclude -o - |
 as -arch x86_64 -force_cpusubtype_ALL -o /var/folders/7r/3stzw3rs7qb192k81109c1gh0000gn/T//cc0rNfUi.o
GNU Fortran (Homebrew gcc 6.2.0) version 6.2.0 (x86_64-apple-darwin16.0.0)
	compiled by GNU C version 6.2.0, GMP version 6.1.1, MPFR version 3.1.4-p1, MPC version 1.0.3, isl version 0.15
warning: MPFR header version 3.1.4-p1 differs from library version 3.1.5.
GGC heuristics: --param ggc-min-expand=100 --param ggc-min-heapsize=131072
GNU Fortran2008 (Homebrew gcc 6.2.0) version 6.2.0 (x86_64-apple-darwin16.0.0)
	compiled by GNU C version 6.2.0, GMP version 6.1.1, MPFR version 3.1.4-p1, MPC version 1.0.3, isl version 0.15
warning: MPFR header version 3.1.4-p1 differs from library version 3.1.5.
GGC heuristics: --param ggc-min-expand=100 --param ggc-min-heapsize=131072
Reading specs from /usr/local/Cellar/gcc/6.2.0/lib/gcc/6/gcc/x86_64-apple-darwin16.0.0/6.2.0/../../../libgfortran.spec
rename spec lib to liborig
COLLECT_GCC_OPTIONS='-o' 'conftest' '-O3' '-pipe' '-v' '-mmacosx-version-min=10.12.1' '-shared-libgcc' '-mtune=core2'
COMPILER_PATH=/usr/local/Cellar/gcc/6.2.0/libexec/gcc/x86_64-apple-darwin16.0.0/6.2.0/:/usr/local/Cellar/gcc/6.2.0/libexec/gcc/x86_64-apple-darwin16.0.0/6.2.0/:/usr/local/Cellar/gcc/6.2.0/libexec/gcc/x86_64-apple-darwin16.0.0/:/usr/local/Cellar/gcc/6.2.0/lib/gcc/6/gcc/x86_64-apple-darwin16.0.0/6.2.0/:/usr/local/Cellar/gcc/6.2.0/lib/gcc/6/gcc/x86_64-apple-darwin16.0.0/
LIBRARY_PATH=/usr/local/Cellar/gcc/6.2.0/lib/gcc/6/gcc/x86_64-apple-darwin16.0.0/6.2.0/:/usr/local/Cellar/gcc/6.2.0/lib/gcc/6/gcc/x86_64-apple-darwin16.0.0/6.2.0/../../../
COLLECT_GCC_OPTIONS='-o' 'conftest' '-O3' '-pipe' '-v' '-mmacosx-version-min=10.12.1' '-shared-libgcc' '-mtune=core2'
 /usr/local/Cellar/gcc/6.2.0/libexec/gcc/x86_64-apple-darwin16.0.0/6.2.0/collect2 -syslibroot /Applications/Xcode.app/Contents/Developer/Platforms/MacOSX.platform/Developer/SDKs/MacOSX10.12.sdk/ -dynamic -arch x86_64 -macosx_version_min 10.12.1 -weak_reference_mismatches non-weak -o conftest -L/usr/local/Cellar/gcc/6.2.0/lib/gcc/6/gcc/x86_64-apple-darwin16.0.0/6.2.0 -L/usr/local/Cellar/gcc/6.2.0/lib/gcc/6/gcc/x86_64-apple-darwin16.0.0/6.2.0/../../.. /var/folders/7r/3stzw3rs7qb192k81109c1gh0000gn/T//cc0rNfUi.o -lgfortran -no_compact_unwind -lSystem -lgcc_ext.10.5 -lgcc -lquadmath -lm -lgcc_ext.10.5 -lgcc -lSystem -v
collect2 version 6.2.0
/usr/bin/ld -syslibroot /Applications/Xcode.app/Contents/Developer/Platforms/MacOSX.platform/Developer/SDKs/MacOSX10.12.sdk/ -dynamic -arch x86_64 -macosx_version_min 10.12.1 -weak_reference_mismatches non-weak -o conftest -L/usr/local/Cellar/gcc/6.2.0/lib/gcc/6/gcc/x86_64-apple-darwin16.0.0/6.2.0 -L/usr/local/Cellar/gcc/6.2.0/lib/gcc/6/gcc/x86_64-apple-darwin16.0.0/6.2.0/../../.. /var/folders/7r/3stzw3rs7qb192k81109c1gh0000gn/T//cc0rNfUi.o -lgfortran -no_compact_unwind -lSystem -lgcc_ext.10.5 -lgcc -lquadmath -lm -lgcc_ext.10.5 -lgcc -lSystem -v
@(#)PROGRAM:ld  PROJECT:ld64-274.1
configured to support archs: armv6 armv7 armv7s arm64 i386 x86_64 x86_64h armv6m armv7k armv7m armv7em (tvOS)
Library search paths:
	/usr/local/Cellar/gcc/6.2.0/lib/gcc/6/gcc/x86_64-apple-darwin16.0.0/6.2.0
	/usr/local/Cellar/gcc/6.2.0/lib/gcc/6
	/Applications/Xcode.app/Contents/Developer/Platforms/MacOSX.platform/Developer/SDKs/MacOSX10.12.sdk/usr/lib
Framework search paths:
	/Applications/Xcode.app/Contents/Developer/Platforms/MacOSX.platform/Developer/SDKs/MacOSX10.12.sdk/System/Library/Frameworks/
 /usr/local/bin/gnm -n /var/folders/7r/3stzw3rs7qb192k81109c1gh0000gn/T//cc0rNfUi.o
configure:5079: result:  -L/usr/local/Cellar/gcc/6.2.0/lib/gcc/6/gcc/x86_64-apple-darwin16.0.0/6.2.0 -L/usr/local/Cellar/gcc/6.2.0/lib/gcc/6/gcc/x86_64-apple-darwin16.0.0/6.2.0/../../.. -lgfortran -lSystem -lgcc_ext.10.5 -lquadmath -lm
configure:5146: Corrected Fortran libraries:  -L/usr/local/Cellar/gcc/6.2.0/lib/gcc/6/gcc/x86_64-apple-darwin16.0.0/6.2.0 -L/usr/local/Cellar/gcc/6.2.0/lib/gcc/6/gcc/x86_64-apple-darwin16.0.0/6.2.0/../../.. -lgfortran -lSystem -lquadmath -lm
configure:5155: checking for dummy main to link with Fortran libraries
configure:5194: cc -o conftest -O3 -pipe -DNDEBUG -Wimplicit -Wparentheses -Wsequence-point -Wreturn-type -Wcast-qual -Wall -Wno-unknown-pragmas -Wno-long-long   -DCOINUTILS_BUILD   conftest.c   -L/usr/local/Cellar/gcc/6.2.0/lib/gcc/6/gcc/x86_64-apple-darwin16.0.0/6.2.0 -L/usr/local/Cellar/gcc/6.2.0/lib/gcc/6/gcc/x86_64-apple-darwin16.0.0/6.2.0/../../.. -lgfortran -lSystem -lquadmath -lm >&5
configure:5200: $? = 0
configure:5204: test -z 
			 || test ! -s conftest.err
configure:5207: $? = 0
configure:5210: test -s conftest
configure:5213: $? = 0
configure:5291: result: none
configure:5327: checking for Fortran name-mangling scheme
configure:5341: gfortran -c -O3 -pipe   conftest.f >&5
configure:5347: $? = 0
configure:5351: test -z 
			 || test ! -s conftest.err
configure:5354: $? = 0
configure:5357: test -s conftest.o
configure:5360: $? = 0
configure:5407: cc -o conftest -O3 -pipe -DNDEBUG -Wimplicit -Wparentheses -Wsequence-point -Wreturn-type -Wcast-qual -Wall -Wno-unknown-pragmas -Wno-long-long   -DCOINUTILS_BUILD   conftest.c cfortran_test.o   -L/usr/local/Cellar/gcc/6.2.0/lib/gcc/6/gcc/x86_64-apple-darwin16.0.0/6.2.0 -L/usr/local/Cellar/gcc/6.2.0/lib/gcc/6/gcc/x86_64-apple-darwin16.0.0/6.2.0/../../.. -lgfortran -lSystem -lquadmath -lm >&5
Undefined symbols for architecture x86_64:
  "_foobar", referenced from:
      _main in conftest-a2db41.o
     (maybe you meant: _foobar_)
ld: symbol(s) not found for architecture x86_64
clang: error: linker command failed with exit code 1 (use -v to see invocation)
configure:5413: $? = 1
configure: failed program was:
| /* confdefs.h.  */
| 
| #define PACKAGE_NAME "CoinUtils"
| #define PACKAGE_TARNAME "coinutils"
| #define PACKAGE_VERSION "2.9.12"
| #define PACKAGE_STRING "CoinUtils 2.9.12"
| #define PACKAGE_BUGREPORT "http://projects.coin-or.org/CoinUtils"
| #define COINUTILS_VERSION "2.9.12"
| #define COINUTILS_VERSION_MAJOR 2
| #define COINUTILS_VERSION_MINOR 9
| #define COINUTILS_VERSION_RELEASE 12
| #define COIN_COINUTILS_VERBOSITY 0
| #define COIN_COINUTILS_CHECKLEVEL 0
| #ifdef __cplusplus
| extern "C" void exit (int);
| #endif
| /* end confdefs.h.  */
| 
| /* Override any gcc2 internal prototype to avoid an error.  */
| #ifdef __cplusplus
| extern "C"
| #endif
| /* We use char because int might match the return type of a gcc2
|    builtin and then its argument prototype would still apply.  */
| char foobar ();
| #ifdef F77_DUMMY_MAIN
| 
| #  ifdef __cplusplus
|      extern "C"
| #  endif
|    int F77_DUMMY_MAIN() { return 1; }
| 
| #endif
| int
| main ()
| {
| foobar ();
|   ;
|   return 0;
| }
configure:5407: cc -o conftest -O3 -pipe -DNDEBUG -Wimplicit -Wparentheses -Wsequence-point -Wreturn-type -Wcast-qual -Wall -Wno-unknown-pragmas -Wno-long-long   -DCOINUTILS_BUILD   conftest.c cfortran_test.o   -L/usr/local/Cellar/gcc/6.2.0/lib/gcc/6/gcc/x86_64-apple-darwin16.0.0/6.2.0 -L/usr/local/Cellar/gcc/6.2.0/lib/gcc/6/gcc/x86_64-apple-darwin16.0.0/6.2.0/../../.. -lgfortran -lSystem -lquadmath -lm >&5
configure:5413: $? = 0
configure:5417: test -z 
			 || test ! -s conftest.err
configure:5420: $? = 0
configure:5423: test -s conftest
configure:5426: $? = 0
configure:5494: cc -o conftest -O3 -pipe -DNDEBUG -Wimplicit -Wparentheses -Wsequence-point -Wreturn-type -Wcast-qual -Wall -Wno-unknown-pragmas -Wno-long-long   -DCOINUTILS_BUILD   conftest.c cfortran_test.o   -L/usr/local/Cellar/gcc/6.2.0/lib/gcc/6/gcc/x86_64-apple-darwin16.0.0/6.2.0 -L/usr/local/Cellar/gcc/6.2.0/lib/gcc/6/gcc/x86_64-apple-darwin16.0.0/6.2.0/../../.. -lgfortran -lSystem -lquadmath -lm >&5
configure:5500: $? = 0
configure:5504: test -z 
			 || test ! -s conftest.err
configure:5507: $? = 0
configure:5510: test -s conftest
configure:5513: $? = 0
configure:5563: result: lower case, underscore, no extra underscore
configure:5771: checking for egrep
configure:5781: result: grep -E
configure:5786: checking whether ln -s works
configure:5790: result: yes
configure:5811: checking for a BSD-compatible install
configure:5866: result: /usr/local/bin/ginstall -c
configure:5877: checking whether build environment is sane
configure:5920: result: yes
configure:5985: checking for gawk
configure:6001: found /usr/local/bin/gawk
configure:6011: result: gawk
configure:6021: checking whether make sets $(MAKE)
configure:6041: result: yes
configure:6071: checking for style of include used by make
configure:6099: result: GNU
configure:6280: checking dependency style of cc
configure:6370: result: gcc3
configure:6389: checking dependency style of c++
configure:6479: result: gcc3
configure:6497: checking whether to enable maintainer-specific portions of Makefiles
configure:6506: result: no
configure:21888: Using libtool script in directory ..
configure:21963: checking if library version is set
configure:21967: result: 12:12:9
configure:22019: checking cmath usability
configure:22031: c++ -c -O3 -pipe -DNDEBUG -Wparentheses -Wreturn-type -Wcast-qual -Wall -Wpointer-arith -Wwrite-strings -Wconversion -Wno-unknown-pragmas -Wno-long-long   -DCOINUTILS_BUILD  conftest.cc >&5
configure:22037: $? = 0
configure:22041: test -z 
			 || test ! -s conftest.err
configure:22044: $? = 0
configure:22047: test -s conftest.o
configure:22050: $? = 0
configure:22060: result: yes
configure:22064: checking cmath presence
configure:22074: c++ -E  conftest.cc
configure:22080: $? = 0
configure:22100: result: yes
configure:22135: checking for cmath
configure:22142: result: yes
configure:22348: checking cfloat usability
configure:22360: c++ -c -O3 -pipe -DNDEBUG -Wparentheses -Wreturn-type -Wcast-qual -Wall -Wpointer-arith -Wwrite-strings -Wconversion -Wno-unknown-pragmas -Wno-long-long   -DCOINUTILS_BUILD  conftest.cc >&5
configure:22366: $? = 0
configure:22370: test -z 
			 || test ! -s conftest.err
configure:22373: $? = 0
configure:22376: test -s conftest.o
configure:22379: $? = 0
configure:22389: result: yes
configure:22393: checking cfloat presence
configure:22403: c++ -E  conftest.cc
configure:22409: $? = 0
configure:22429: result: yes
configure:22464: checking for cfloat
configure:22471: result: yes
configure:22677: checking cieeefp usability
configure:22689: c++ -c -O3 -pipe -DNDEBUG -Wparentheses -Wreturn-type -Wcast-qual -Wall -Wpointer-arith -Wwrite-strings -Wconversion -Wno-unknown-pragmas -Wno-long-long   -DCOINUTILS_BUILD  conftest.cc >&5
conftest.cc:69:10: fatal error: 'cieeefp' file not found
#include <cieeefp>
         ^
1 error generated.
configure:22695: $? = 1
configure: failed program was:
| /* confdefs.h.  */
| 
| #define PACKAGE_NAME "CoinUtils"
| #define PACKAGE_TARNAME "coinutils"
| #define PACKAGE_VERSION "2.9.12"
| #define PACKAGE_STRING "CoinUtils 2.9.12"
| #define PACKAGE_BUGREPORT "http://projects.coin-or.org/CoinUtils"
| #define COINUTILS_VERSION "2.9.12"
| #define COINUTILS_VERSION_MAJOR 2
| #define COINUTILS_VERSION_MINOR 9
| #define COINUTILS_VERSION_RELEASE 12
| #define COIN_COINUTILS_VERBOSITY 0
| #define COIN_COINUTILS_CHECKLEVEL 0
| #ifdef __cplusplus
| extern "C" void exit (int);
| #endif
| #define F77_FUNC(name,NAME) name ## _
| #define F77_FUNC_(name,NAME) name ## _
| #define PACKAGE "coinutils"
| #define VERSION "2.9.12"
| #define STDC_HEADERS 1
| #define HAVE_SYS_TYPES_H 1
| #define HAVE_SYS_STAT_H 1
| #define HAVE_STDLIB_H 1
| #define HAVE_STRING_H 1
| #define HAVE_MEMORY_H 1
| #define HAVE_STRINGS_H 1
| #define HAVE_INTTYPES_H 1
| #define HAVE_STDINT_H 1
| #define HAVE_UNISTD_H 1
| #define HAVE_DLFCN_H 1
| #define HAVE_CMATH 1
| #define HAVE_CFLOAT 1
| /* end confdefs.h.  */
| #include <stdio.h>
| #if HAVE_SYS_TYPES_H
| # include <sys/types.h>
| #endif
| #if HAVE_SYS_STAT_H
| # include <sys/stat.h>
| #endif
| #if STDC_HEADERS
| # include <stdlib.h>
| # include <stddef.h>
| #else
| # if HAVE_STDLIB_H
| #  include <stdlib.h>
| # endif
| #endif
| #if HAVE_STRING_H
| # if !STDC_HEADERS && HAVE_MEMORY_H
| #  include <memory.h>
| # endif
| # include <string.h>
| #endif
| #if HAVE_STRINGS_H
| # include <strings.h>
| #endif
| #if HAVE_INTTYPES_H
| # include <inttypes.h>
| #else
| # if HAVE_STDINT_H
| #  include <stdint.h>
| # endif
| #endif
| #if HAVE_UNISTD_H
| # include <unistd.h>
| #endif
| #include <cieeefp>
configure:22718: result: no
configure:22722: checking cieeefp presence
configure:22732: c++ -E  conftest.cc
conftest.cc:35:10: fatal error: 'cieeefp' file not found
#include <cieeefp>
         ^
1 error generated.
configure:22738: $? = 1
configure: failed program was:
| /* confdefs.h.  */
| 
| #define PACKAGE_NAME "CoinUtils"
| #define PACKAGE_TARNAME "coinutils"
| #define PACKAGE_VERSION "2.9.12"
| #define PACKAGE_STRING "CoinUtils 2.9.12"
| #define PACKAGE_BUGREPORT "http://projects.coin-or.org/CoinUtils"
| #define COINUTILS_VERSION "2.9.12"
| #define COINUTILS_VERSION_MAJOR 2
| #define COINUTILS_VERSION_MINOR 9
| #define COINUTILS_VERSION_RELEASE 12
| #define COIN_COINUTILS_VERBOSITY 0
| #define COIN_COINUTILS_CHECKLEVEL 0
| #ifdef __cplusplus
| extern "C" void exit (int);
| #endif
| #define F77_FUNC(name,NAME) name ## _
| #define F77_FUNC_(name,NAME) name ## _
| #define PACKAGE "coinutils"
| #define VERSION "2.9.12"
| #define STDC_HEADERS 1
| #define HAVE_SYS_TYPES_H 1
| #define HAVE_SYS_STAT_H 1
| #define HAVE_STDLIB_H 1
| #define HAVE_STRING_H 1
| #define HAVE_MEMORY_H 1
| #define HAVE_STRINGS_H 1
| #define HAVE_INTTYPES_H 1
| #define HAVE_STDINT_H 1
| #define HAVE_UNISTD_H 1
| #define HAVE_DLFCN_H 1
| #define HAVE_CMATH 1
| #define HAVE_CFLOAT 1
| /* end confdefs.h.  */
| #include <cieeefp>
configure:22758: result: no
configure:22793: checking for cieeefp
configure:22800: result: no
configure:22835: checking ieeefp.h usability
configure:22847: c++ -c -O3 -pipe -DNDEBUG -Wparentheses -Wreturn-type -Wcast-qual -Wall -Wpointer-arith -Wwrite-strings -Wconversion -Wno-unknown-pragmas -Wno-long-long   -DCOINUTILS_BUILD  conftest.cc >&5
conftest.cc:69:10: fatal error: 'ieeefp.h' file not found
#include <ieeefp.h>
         ^
1 error generated.
configure:22853: $? = 1
configure: failed program was:
| /* confdefs.h.  */
| 
| #define PACKAGE_NAME "CoinUtils"
| #define PACKAGE_TARNAME "coinutils"
| #define PACKAGE_VERSION "2.9.12"
| #define PACKAGE_STRING "CoinUtils 2.9.12"
| #define PACKAGE_BUGREPORT "http://projects.coin-or.org/CoinUtils"
| #define COINUTILS_VERSION "2.9.12"
| #define COINUTILS_VERSION_MAJOR 2
| #define COINUTILS_VERSION_MINOR 9
| #define COINUTILS_VERSION_RELEASE 12
| #define COIN_COINUTILS_VERBOSITY 0
| #define COIN_COINUTILS_CHECKLEVEL 0
| #ifdef __cplusplus
| extern "C" void exit (int);
| #endif
| #define F77_FUNC(name,NAME) name ## _
| #define F77_FUNC_(name,NAME) name ## _
| #define PACKAGE "coinutils"
| #define VERSION "2.9.12"
| #define STDC_HEADERS 1
| #define HAVE_SYS_TYPES_H 1
| #define HAVE_SYS_STAT_H 1
| #define HAVE_STDLIB_H 1
| #define HAVE_STRING_H 1
| #define HAVE_MEMORY_H 1
| #define HAVE_STRINGS_H 1
| #define HAVE_INTTYPES_H 1
| #define HAVE_STDINT_H 1
| #define HAVE_UNISTD_H 1
| #define HAVE_DLFCN_H 1
| #define HAVE_CMATH 1
| #define HAVE_CFLOAT 1
| /* end confdefs.h.  */
| #include <stdio.h>
| #if HAVE_SYS_TYPES_H
| # include <sys/types.h>
| #endif
| #if HAVE_SYS_STAT_H
| # include <sys/stat.h>
| #endif
| #if STDC_HEADERS
| # include <stdlib.h>
| # include <stddef.h>
| #else
| # if HAVE_STDLIB_H
| #  include <stdlib.h>
| # endif
| #endif
| #if HAVE_STRING_H
| # if !STDC_HEADERS && HAVE_MEMORY_H
| #  include <memory.h>
| # endif
| # include <string.h>
| #endif
| #if HAVE_STRINGS_H
| # include <strings.h>
| #endif
| #if HAVE_INTTYPES_H
| # include <inttypes.h>
| #else
| # if HAVE_STDINT_H
| #  include <stdint.h>
| # endif
| #endif
| #if HAVE_UNISTD_H
| # include <unistd.h>
| #endif
| #include <ieeefp.h>
configure:22876: result: no
configure:22880: checking ieeefp.h presence
configure:22890: c++ -E  conftest.cc
conftest.cc:35:10: fatal error: 'ieeefp.h' file not found
#include <ieeefp.h>
         ^
1 error generated.
configure:22896: $? = 1
configure: failed program was:
| /* confdefs.h.  */
| 
| #define PACKAGE_NAME "CoinUtils"
| #define PACKAGE_TARNAME "coinutils"
| #define PACKAGE_VERSION "2.9.12"
| #define PACKAGE_STRING "CoinUtils 2.9.12"
| #define PACKAGE_BUGREPORT "http://projects.coin-or.org/CoinUtils"
| #define COINUTILS_VERSION "2.9.12"
| #define COINUTILS_VERSION_MAJOR 2
| #define COINUTILS_VERSION_MINOR 9
| #define COINUTILS_VERSION_RELEASE 12
| #define COIN_COINUTILS_VERBOSITY 0
| #define COIN_COINUTILS_CHECKLEVEL 0
| #ifdef __cplusplus
| extern "C" void exit (int);
| #endif
| #define F77_FUNC(name,NAME) name ## _
| #define F77_FUNC_(name,NAME) name ## _
| #define PACKAGE "coinutils"
| #define VERSION "2.9.12"
| #define STDC_HEADERS 1
| #define HAVE_SYS_TYPES_H 1
| #define HAVE_SYS_STAT_H 1
| #define HAVE_STDLIB_H 1
| #define HAVE_STRING_H 1
| #define HAVE_MEMORY_H 1
| #define HAVE_STRINGS_H 1
| #define HAVE_INTTYPES_H 1
| #define HAVE_STDINT_H 1
| #define HAVE_UNISTD_H 1
| #define HAVE_DLFCN_H 1
| #define HAVE_CMATH 1
| #define HAVE_CFLOAT 1
| /* end confdefs.h.  */
| #include <ieeefp.h>
configure:22916: result: no
configure:22951: checking for ieeefp.h
configure:22958: result: no
configure:22982: checking whether isfinite is declared
configure:23036: c++ -c -O3 -pipe -DNDEBUG -Wparentheses -Wreturn-type -Wcast-qual -Wall -Wpointer-arith -Wwrite-strings -Wconversion -Wno-unknown-pragmas -Wno-long-long   -DCOINUTILS_BUILD  conftest.cc >&5
conftest.cc:70:22: error: address of overloaded function 'isfinite' does not match required type 'char'
  char *p = (char *) isfinite;
                     ^~~~~~~~
/Applications/Xcode.app/Contents/Developer/Toolchains/XcodeDefault.xctoolchain/usr/bin/../include/c++/v1/cmath:377:1: note: candidate template ignored: could not match 'typename std::enable_if<std::is_arithmetic<_A1>::value, bool>::type (_A1) throw()' against 'char'
isfinite(_A1 __lcpp_x) _NOEXCEPT
^
1 error generated.
configure:23042: $? = 1
configure: failed program was:
| /* confdefs.h.  */
| 
| #define PACKAGE_NAME "CoinUtils"
| #define PACKAGE_TARNAME "coinutils"
| #define PACKAGE_VERSION "2.9.12"
| #define PACKAGE_STRING "CoinUtils 2.9.12"
| #define PACKAGE_BUGREPORT "http://projects.coin-or.org/CoinUtils"
| #define COINUTILS_VERSION "2.9.12"
| #define COINUTILS_VERSION_MAJOR 2
| #define COINUTILS_VERSION_MINOR 9
| #define COINUTILS_VERSION_RELEASE 12
| #define COIN_COINUTILS_VERBOSITY 0
| #define COIN_COINUTILS_CHECKLEVEL 0
| #ifdef __cplusplus
| extern "C" void exit (int);
| #endif
| #define F77_FUNC(name,NAME) name ## _
| #define F77_FUNC_(name,NAME) name ## _
| #define PACKAGE "coinutils"
| #define VERSION "2.9.12"
| #define STDC_HEADERS 1
| #define HAVE_SYS_TYPES_H 1
| #define HAVE_SYS_STAT_H 1
| #define HAVE_STDLIB_H 1
| #define HAVE_STRING_H 1
| #define HAVE_MEMORY_H 1
| #define HAVE_STRINGS_H 1
| #define HAVE_INTTYPES_H 1
| #define HAVE_STDINT_H 1
| #define HAVE_UNISTD_H 1
| #define HAVE_DLFCN_H 1
| #define HAVE_CMATH 1
| #define HAVE_CFLOAT 1
| /* end confdefs.h.  */
| 
| #ifdef HAVE_CMATH
| # include <cmath>
| #else
| # ifdef HAVE_MATH_H
| #  include <math.h>
| # endif
| #endif
| #ifdef HAVE_CFLOAT
| # include <cfloat>
| #else
| # ifdef HAVE_FLOAT_H
| #  include <float.h>
| # endif
| #endif
| #ifdef HAVE_CIEEEFP
| # include <cieeefp>
| #else
| # ifdef HAVE_IEEEFP_H
| #  include <ieeefp.h>
| # endif
| #endif
| 
| #ifdef F77_DUMMY_MAIN
| 
| #  ifdef __cplusplus
|      extern "C"
| #  endif
|    int F77_DUMMY_MAIN() { return 1; }
| 
| #endif
| int
| main ()
| {
| #ifndef isfinite
|   char *p = (char *) isfinite;
| #endif
| 
|   ;
|   return 0;
| }
configure:23066: result: no
configure:23073: checking whether finite is declared
configure:23127: c++ -c -O3 -pipe -DNDEBUG -Wparentheses -Wreturn-type -Wcast-qual -Wall -Wpointer-arith -Wwrite-strings -Wconversion -Wno-unknown-pragmas -Wno-long-long   -DCOINUTILS_BUILD  conftest.cc >&5
conftest.cc:70:22: warning: 'finite' is deprecated: first deprecated in macOS 10.9 [-Wdeprecated-declarations]
  char *p = (char *) finite;
                     ^
/usr/include/math.h:757:12: note: 'finite' has been explicitly marked deprecated here
extern int finite(double) __OSX_AVAILABLE_BUT_DEPRECATED(__MAC_10_0, __MAC_10_9, __IPHONE_NA, __IPHONE_NA);
           ^
conftest.cc:70:9: warning: unused variable 'p' [-Wunused-variable]
  char *p = (char *) finite;
        ^
2 warnings generated.
configure:23133: $? = 0
configure:23137: test -z 
			 || test ! -s conftest.err
configure:23140: $? = 0
configure:23143: test -s conftest.o
configure:23146: $? = 0
configure:23157: result: yes
configure:23300: checking for cmath
configure:23305: result: yes
configure:23629: checking for cfloat
configure:23634: result: yes
configure:23958: checking for cieeefp
configure:23963: result: no
configure:24116: checking for ieeefp.h
configure:24121: result: no
configure:24272: checking whether isnan is declared
configure:24326: c++ -c -O3 -pipe -DNDEBUG -Wparentheses -Wreturn-type -Wcast-qual -Wall -Wpointer-arith -Wwrite-strings -Wconversion -Wno-unknown-pragmas -Wno-long-long   -DCOINUTILS_BUILD  conftest.cc >&5
conftest.cc:73:22: error: address of overloaded function 'isnan' does not match required type 'char'
  char *p = (char *) isnan;
                     ^~~~~
/Applications/Xcode.app/Contents/Developer/Toolchains/XcodeDefault.xctoolchain/usr/bin/../include/c++/v1/cmath:425:1: note: candidate template ignored: could not match 'typename std::enable_if<std::is_arithmetic<_A1>::value, bool>::type (_A1) throw()' against 'char'
isnan(_A1 __lcpp_x) _NOEXCEPT
^
1 error generated.
configure:24332: $? = 1
configure: failed program was:
| /* confdefs.h.  */
| 
| #define PACKAGE_NAME "CoinUtils"
| #define PACKAGE_TARNAME "coinutils"
| #define PACKAGE_VERSION "2.9.12"
| #define PACKAGE_STRING "CoinUtils 2.9.12"
| #define PACKAGE_BUGREPORT "http://projects.coin-or.org/CoinUtils"
| #define COINUTILS_VERSION "2.9.12"
| #define COINUTILS_VERSION_MAJOR 2
| #define COINUTILS_VERSION_MINOR 9
| #define COINUTILS_VERSION_RELEASE 12
| #define COIN_COINUTILS_VERBOSITY 0
| #define COIN_COINUTILS_CHECKLEVEL 0
| #ifdef __cplusplus
| extern "C" void exit (int);
| #endif
| #define F77_FUNC(name,NAME) name ## _
| #define F77_FUNC_(name,NAME) name ## _
| #define PACKAGE "coinutils"
| #define VERSION "2.9.12"
| #define STDC_HEADERS 1
| #define HAVE_SYS_TYPES_H 1
| #define HAVE_SYS_STAT_H 1
| #define HAVE_STDLIB_H 1
| #define HAVE_STRING_H 1
| #define HAVE_MEMORY_H 1
| #define HAVE_STRINGS_H 1
| #define HAVE_INTTYPES_H 1
| #define HAVE_STDINT_H 1
| #define HAVE_UNISTD_H 1
| #define HAVE_DLFCN_H 1
| #define HAVE_CMATH 1
| #define HAVE_CFLOAT 1
| #define COIN_C_FINITE finite
| #define HAVE_CMATH 1
| #define HAVE_CFLOAT 1
| /* end confdefs.h.  */
| 
| #ifdef HAVE_CMATH
| # include <cmath>
| #else
| # ifdef HAVE_MATH_H
| #  include <math.h>
| # endif
| #endif
| #ifdef HAVE_CFLOAT
| # include <cfloat>
| #else
| # ifdef HAVE_FLOAT_H
| #  include <float.h>
| # endif
| #endif
| #ifdef HAVE_CIEEEFP
| # include <cieeefp>
| #else
| # ifdef HAVE_IEEEFP_H
| #  include <ieeefp.h>
| # endif
| #endif
| 
| #ifdef F77_DUMMY_MAIN
| 
| #  ifdef __cplusplus
|      extern "C"
| #  endif
|    int F77_DUMMY_MAIN() { return 1; }
| 
| #endif
| int
| main ()
| {
| #ifndef isnan
|   char *p = (char *) isnan;
| #endif
| 
|   ;
|   return 0;
| }
configure:24356: result: no
configure:24368: checking whether std::isnan(42.42) is declared
configure:24422: c++ -c -O3 -pipe -DNDEBUG -Wparentheses -Wreturn-type -Wcast-qual -Wall -Wpointer-arith -Wwrite-strings -Wconversion -Wno-unknown-pragmas -Wno-long-long   -DCOINUTILS_BUILD  conftest.cc >&5
conftest.cc:72:12: warning: extra tokens at end of #ifndef directive [-Wextra-tokens]
#ifndef std::isnan(42.42)
           ^
           //
conftest.cc:73:9: warning: unused variable 'p' [-Wunused-variable]
  char *p = (char *) std::isnan(42.42);
        ^
2 warnings generated.
configure:24428: $? = 0
configure:24432: test -z 
			 || test ! -s conftest.err
configure:24435: $? = 0
configure:24438: test -s conftest.o
configure:24441: $? = 0
configure:24452: result: yes
configure:24932: checking cinttypes usability
configure:24944: c++ -c -O3 -pipe -DNDEBUG -Wparentheses -Wreturn-type -Wcast-qual -Wall -Wpointer-arith -Wwrite-strings -Wconversion -Wno-unknown-pragmas -Wno-long-long   -DCOINUTILS_BUILD  conftest.cc >&5
configure:24950: $? = 0
configure:24954: test -z 
			 || test ! -s conftest.err
configure:24957: $? = 0
configure:24960: test -s conftest.o
configure:24963: $? = 0
configure:24973: result: yes
configure:24977: checking cinttypes presence
configure:24987: c++ -E  conftest.cc
configure:24993: $? = 0
configure:25013: result: yes
configure:25048: checking for cinttypes
configure:25055: result: yes
configure:25261: checking cstdint usability
configure:25273: c++ -c -O3 -pipe -DNDEBUG -Wparentheses -Wreturn-type -Wcast-qual -Wall -Wpointer-arith -Wwrite-strings -Wconversion -Wno-unknown-pragmas -Wno-long-long   -DCOINUTILS_BUILD  conftest.cc >&5
configure:25279: $? = 0
configure:25283: test -z 
			 || test ! -s conftest.err
configure:25286: $? = 0
configure:25289: test -s conftest.o
configure:25292: $? = 0
configure:25302: result: yes
configure:25306: checking cstdint presence
configure:25316: c++ -E  conftest.cc
configure:25322: $? = 0
configure:25342: result: yes
configure:25377: checking for cstdint
configure:25384: result: yes
configure:25573: checking for int64_t
configure:25614: c++ -c -O3 -pipe -DNDEBUG -Wparentheses -Wreturn-type -Wcast-qual -Wall -Wpointer-arith -Wwrite-strings -Wconversion -Wno-unknown-pragmas -Wno-long-long   -DCOINUTILS_BUILD  conftest.cc >&5
configure:25620: $? = 0
configure:25624: test -z 
			 || test ! -s conftest.err
configure:25627: $? = 0
configure:25630: test -s conftest.o
configure:25633: $? = 0
configure:25644: result: yes
configure:27124: checking for intptr_t
configure:27165: c++ -c -O3 -pipe -DNDEBUG -Wparentheses -Wreturn-type -Wcast-qual -Wall -Wpointer-arith -Wwrite-strings -Wconversion -Wno-unknown-pragmas -Wno-long-long   -DCOINUTILS_BUILD  conftest.cc >&5
configure:27171: $? = 0
configure:27175: test -z 
			 || test ! -s conftest.err
configure:27178: $? = 0
configure:27181: test -s conftest.o
configure:27184: $? = 0
configure:27195: result: yes
configure:29151: checking windows.h usability
configure:29163: c++ -c -O3 -pipe -DNDEBUG -Wparentheses -Wreturn-type -Wcast-qual -Wall -Wpointer-arith -Wwrite-strings -Wconversion -Wno-unknown-pragmas -Wno-long-long   -DCOINUTILS_BUILD  conftest.cc >&5
conftest.cc:79:10: fatal error: 'windows.h' file not found
#include <windows.h>
         ^
1 error generated.
configure:29169: $? = 1
configure: failed program was:
| /* confdefs.h.  */
| 
| #define PACKAGE_NAME "CoinUtils"
| #define PACKAGE_TARNAME "coinutils"
| #define PACKAGE_VERSION "2.9.12"
| #define PACKAGE_STRING "CoinUtils 2.9.12"
| #define PACKAGE_BUGREPORT "http://projects.coin-or.org/CoinUtils"
| #define COINUTILS_VERSION "2.9.12"
| #define COINUTILS_VERSION_MAJOR 2
| #define COINUTILS_VERSION_MINOR 9
| #define COINUTILS_VERSION_RELEASE 12
| #define COIN_COINUTILS_VERBOSITY 0
| #define COIN_COINUTILS_CHECKLEVEL 0
| #ifdef __cplusplus
| extern "C" void exit (int);
| #endif
| #define F77_FUNC(name,NAME) name ## _
| #define F77_FUNC_(name,NAME) name ## _
| #define PACKAGE "coinutils"
| #define VERSION "2.9.12"
| #define STDC_HEADERS 1
| #define HAVE_SYS_TYPES_H 1
| #define HAVE_SYS_STAT_H 1
| #define HAVE_STDLIB_H 1
| #define HAVE_STRING_H 1
| #define HAVE_MEMORY_H 1
| #define HAVE_STRINGS_H 1
| #define HAVE_INTTYPES_H 1
| #define HAVE_STDINT_H 1
| #define HAVE_UNISTD_H 1
| #define HAVE_DLFCN_H 1
| #define HAVE_CMATH 1
| #define HAVE_CFLOAT 1
| #define COIN_C_FINITE finite
| #define HAVE_CMATH 1
| #define HAVE_CFLOAT 1
| #define COIN_C_ISNAN std::isnan
| #define COINUTILS_MEMPOOL_MAXPOOLED -1
| #define HAVE_CINTTYPES 1
| #define HAVE_CSTDINT 1
| #define COIN_INT64_T int64_t
| #define COIN_UINT64_T int64_t
| #define COIN_INTPTR_T intptr_t
| /* end confdefs.h.  */
| #include <stdio.h>
| #if HAVE_SYS_TYPES_H
| # include <sys/types.h>
| #endif
| #if HAVE_SYS_STAT_H
| # include <sys/stat.h>
| #endif
| #if STDC_HEADERS
| # include <stdlib.h>
| # include <stddef.h>
| #else
| # if HAVE_STDLIB_H
| #  include <stdlib.h>
| # endif
| #endif
| #if HAVE_STRING_H
| # if !STDC_HEADERS && HAVE_MEMORY_H
| #  include <memory.h>
| # endif
| # include <string.h>
| #endif
| #if HAVE_STRINGS_H
| # include <strings.h>
| #endif
| #if HAVE_INTTYPES_H
| # include <inttypes.h>
| #else
| # if HAVE_STDINT_H
| #  include <stdint.h>
| # endif
| #endif
| #if HAVE_UNISTD_H
| # include <unistd.h>
| #endif
| #include <windows.h>
configure:29192: result: no
configure:29196: checking windows.h presence
configure:29206: c++ -E  conftest.cc
conftest.cc:45:10: fatal error: 'windows.h' file not found
#include <windows.h>
         ^
1 error generated.
configure:29212: $? = 1
configure: failed program was:
| /* confdefs.h.  */
| 
| #define PACKAGE_NAME "CoinUtils"
| #define PACKAGE_TARNAME "coinutils"
| #define PACKAGE_VERSION "2.9.12"
| #define PACKAGE_STRING "CoinUtils 2.9.12"
| #define PACKAGE_BUGREPORT "http://projects.coin-or.org/CoinUtils"
| #define COINUTILS_VERSION "2.9.12"
| #define COINUTILS_VERSION_MAJOR 2
| #define COINUTILS_VERSION_MINOR 9
| #define COINUTILS_VERSION_RELEASE 12
| #define COIN_COINUTILS_VERBOSITY 0
| #define COIN_COINUTILS_CHECKLEVEL 0
| #ifdef __cplusplus
| extern "C" void exit (int);
| #endif
| #define F77_FUNC(name,NAME) name ## _
| #define F77_FUNC_(name,NAME) name ## _
| #define PACKAGE "coinutils"
| #define VERSION "2.9.12"
| #define STDC_HEADERS 1
| #define HAVE_SYS_TYPES_H 1
| #define HAVE_SYS_STAT_H 1
| #define HAVE_STDLIB_H 1
| #define HAVE_STRING_H 1
| #define HAVE_MEMORY_H 1
| #define HAVE_STRINGS_H 1
| #define HAVE_INTTYPES_H 1
| #define HAVE_STDINT_H 1
| #define HAVE_UNISTD_H 1
| #define HAVE_DLFCN_H 1
| #define HAVE_CMATH 1
| #define HAVE_CFLOAT 1
| #define COIN_C_FINITE finite
| #define HAVE_CMATH 1
| #define HAVE_CFLOAT 1
| #define COIN_C_ISNAN std::isnan
| #define COINUTILS_MEMPOOL_MAXPOOLED -1
| #define HAVE_CINTTYPES 1
| #define HAVE_CSTDINT 1
| #define COIN_INT64_T int64_t
| #define COIN_UINT64_T int64_t
| #define COIN_INTPTR_T intptr_t
| /* end confdefs.h.  */
| #include <windows.h>
configure:29232: result: no
configure:29267: checking for windows.h
configure:29274: result: no
configure:29305: checking endian.h usability
configure:29317: c++ -c -O3 -pipe -DNDEBUG -Wparentheses -Wreturn-type -Wcast-qual -Wall -Wpointer-arith -Wwrite-strings -Wconversion -Wno-unknown-pragmas -Wno-long-long   -DCOINUTILS_BUILD  conftest.cc >&5
conftest.cc:79:10: fatal error: 'endian.h' file not found
#include <endian.h>
         ^
1 error generated.
configure:29323: $? = 1
configure: failed program was:
| /* confdefs.h.  */
| 
| #define PACKAGE_NAME "CoinUtils"
| #define PACKAGE_TARNAME "coinutils"
| #define PACKAGE_VERSION "2.9.12"
| #define PACKAGE_STRING "CoinUtils 2.9.12"
| #define PACKAGE_BUGREPORT "http://projects.coin-or.org/CoinUtils"
| #define COINUTILS_VERSION "2.9.12"
| #define COINUTILS_VERSION_MAJOR 2
| #define COINUTILS_VERSION_MINOR 9
| #define COINUTILS_VERSION_RELEASE 12
| #define COIN_COINUTILS_VERBOSITY 0
| #define COIN_COINUTILS_CHECKLEVEL 0
| #ifdef __cplusplus
| extern "C" void exit (int);
| #endif
| #define F77_FUNC(name,NAME) name ## _
| #define F77_FUNC_(name,NAME) name ## _
| #define PACKAGE "coinutils"
| #define VERSION "2.9.12"
| #define STDC_HEADERS 1
| #define HAVE_SYS_TYPES_H 1
| #define HAVE_SYS_STAT_H 1
| #define HAVE_STDLIB_H 1
| #define HAVE_STRING_H 1
| #define HAVE_MEMORY_H 1
| #define HAVE_STRINGS_H 1
| #define HAVE_INTTYPES_H 1
| #define HAVE_STDINT_H 1
| #define HAVE_UNISTD_H 1
| #define HAVE_DLFCN_H 1
| #define HAVE_CMATH 1
| #define HAVE_CFLOAT 1
| #define COIN_C_FINITE finite
| #define HAVE_CMATH 1
| #define HAVE_CFLOAT 1
| #define COIN_C_ISNAN std::isnan
| #define COINUTILS_MEMPOOL_MAXPOOLED -1
| #define HAVE_CINTTYPES 1
| #define HAVE_CSTDINT 1
| #define COIN_INT64_T int64_t
| #define COIN_UINT64_T int64_t
| #define COIN_INTPTR_T intptr_t
| /* end confdefs.h.  */
| #include <stdio.h>
| #if HAVE_SYS_TYPES_H
| # include <sys/types.h>
| #endif
| #if HAVE_SYS_STAT_H
| # include <sys/stat.h>
| #endif
| #if STDC_HEADERS
| # include <stdlib.h>
| # include <stddef.h>
| #else
| # if HAVE_STDLIB_H
| #  include <stdlib.h>
| # endif
| #endif
| #if HAVE_STRING_H
| # if !STDC_HEADERS && HAVE_MEMORY_H
| #  include <memory.h>
| # endif
| # include <string.h>
| #endif
| #if HAVE_STRINGS_H
| # include <strings.h>
| #endif
| #if HAVE_INTTYPES_H
| # include <inttypes.h>
| #else
| # if HAVE_STDINT_H
| #  include <stdint.h>
| # endif
| #endif
| #if HAVE_UNISTD_H
| # include <unistd.h>
| #endif
| #include <endian.h>
configure:29346: result: no
configure:29350: checking endian.h presence
configure:29360: c++ -E  conftest.cc
conftest.cc:45:10: fatal error: 'endian.h' file not found
#include <endian.h>
         ^
1 error generated.
configure:29366: $? = 1
configure: failed program was:
| /* confdefs.h.  */
| 
| #define PACKAGE_NAME "CoinUtils"
| #define PACKAGE_TARNAME "coinutils"
| #define PACKAGE_VERSION "2.9.12"
| #define PACKAGE_STRING "CoinUtils 2.9.12"
| #define PACKAGE_BUGREPORT "http://projects.coin-or.org/CoinUtils"
| #define COINUTILS_VERSION "2.9.12"
| #define COINUTILS_VERSION_MAJOR 2
| #define COINUTILS_VERSION_MINOR 9
| #define COINUTILS_VERSION_RELEASE 12
| #define COIN_COINUTILS_VERBOSITY 0
| #define COIN_COINUTILS_CHECKLEVEL 0
| #ifdef __cplusplus
| extern "C" void exit (int);
| #endif
| #define F77_FUNC(name,NAME) name ## _
| #define F77_FUNC_(name,NAME) name ## _
| #define PACKAGE "coinutils"
| #define VERSION "2.9.12"
| #define STDC_HEADERS 1
| #define HAVE_SYS_TYPES_H 1
| #define HAVE_SYS_STAT_H 1
| #define HAVE_STDLIB_H 1
| #define HAVE_STRING_H 1
| #define HAVE_MEMORY_H 1
| #define HAVE_STRINGS_H 1
| #define HAVE_INTTYPES_H 1
| #define HAVE_STDINT_H 1
| #define HAVE_UNISTD_H 1
| #define HAVE_DLFCN_H 1
| #define HAVE_CMATH 1
| #define HAVE_CFLOAT 1
| #define COIN_C_FINITE finite
| #define HAVE_CMATH 1
| #define HAVE_CFLOAT 1
| #define COIN_C_ISNAN std::isnan
| #define COINUTILS_MEMPOOL_MAXPOOLED -1
| #define HAVE_CINTTYPES 1
| #define HAVE_CSTDINT 1
| #define COIN_INT64_T int64_t
| #define COIN_UINT64_T int64_t
| #define COIN_INTPTR_T intptr_t
| /* end confdefs.h.  */
| #include <endian.h>
configure:29386: result: no
configure:29421: checking for endian.h
configure:29428: result: no
configure:29515: checking for pkg-config
configure:29531: found /usr/local/bin/pkg-config
configure:29541: result: pkg-config
configure:29556: checking pkg-config is at least version 0.16.0
configure:29559: result: yes
configure:31650: checking for BLAS in Veclib
configure:31927: c++ -o conftest -O3 -pipe -DNDEBUG -Wparentheses -Wreturn-type -Wcast-qual -Wall -Wpointer-arith -Wwrite-strings -Wconversion -Wno-unknown-pragmas -Wno-long-long   -DCOINUTILS_BUILD   conftest.cc -framework vecLib  >&5
ld: framework not found vecLib
clang: error: linker command failed with exit code 1 (use -v to see invocation)
configure:31933: $? = 1
configure: failed program was:
| /* confdefs.h.  */
| 
| #define PACKAGE_NAME "CoinUtils"
| #define PACKAGE_TARNAME "coinutils"
| #define PACKAGE_VERSION "2.9.12"
| #define PACKAGE_STRING "CoinUtils 2.9.12"
| #define PACKAGE_BUGREPORT "http://projects.coin-or.org/CoinUtils"
| #define COINUTILS_VERSION "2.9.12"
| #define COINUTILS_VERSION_MAJOR 2
| #define COINUTILS_VERSION_MINOR 9
| #define COINUTILS_VERSION_RELEASE 12
| #define COIN_COINUTILS_VERBOSITY 0
| #define COIN_COINUTILS_CHECKLEVEL 0
| #ifdef __cplusplus
| extern "C" void exit (int);
| #endif
| #define F77_FUNC(name,NAME) name ## _
| #define F77_FUNC_(name,NAME) name ## _
| #define PACKAGE "coinutils"
| #define VERSION "2.9.12"
| #define STDC_HEADERS 1
| #define HAVE_SYS_TYPES_H 1
| #define HAVE_SYS_STAT_H 1
| #define HAVE_STDLIB_H 1
| #define HAVE_STRING_H 1
| #define HAVE_MEMORY_H 1
| #define HAVE_STRINGS_H 1
| #define HAVE_INTTYPES_H 1
| #define HAVE_STDINT_H 1
| #define HAVE_UNISTD_H 1
| #define HAVE_DLFCN_H 1
| #define HAVE_CMATH 1
| #define HAVE_CFLOAT 1
| #define COIN_C_FINITE finite
| #define HAVE_CMATH 1
| #define HAVE_CFLOAT 1
| #define COIN_C_ISNAN std::isnan
| #define COINUTILS_MEMPOOL_MAXPOOLED -1
| #define HAVE_CINTTYPES 1
| #define HAVE_CSTDINT 1
| #define COIN_INT64_T int64_t
| #define COIN_UINT64_T int64_t
| #define COIN_INTPTR_T intptr_t
| /* end confdefs.h.  */
| extern "C" {void daxpy_();}
| #ifdef F77_DUMMY_MAIN
| 
| #  ifdef __cplusplus
|      extern "C"
| #  endif
|    int F77_DUMMY_MAIN() { return 1; }
| 
| #endif
| int
| main ()
| {
| daxpy_()
|   ;
|   return 0;
| }
configure:31994: c++ -o conftest -O3 -pipe -DNDEBUG -Wparentheses -Wreturn-type -Wcast-qual -Wall -Wpointer-arith -Wwrite-strings -Wconversion -Wno-unknown-pragmas -Wno-long-long   -DCOINUTILS_BUILD   conftest.cc -framework vecLib   -L/usr/local/Cellar/gcc/6.2.0/lib/gcc/6/gcc/x86_64-apple-darwin16.0.0/6.2.0 -L/usr/local/Cellar/gcc/6.2.0/lib/gcc/6/gcc/x86_64-apple-darwin16.0.0/6.2.0/../../.. -lgfortran -lSystem -lquadmath -lm >&5
ld: framework not found vecLib
clang: error: linker command failed with exit code 1 (use -v to see invocation)
configure:32000: $? = 1
configure: failed program was:
| /* confdefs.h.  */
| 
| #define PACKAGE_NAME "CoinUtils"
| #define PACKAGE_TARNAME "coinutils"
| #define PACKAGE_VERSION "2.9.12"
| #define PACKAGE_STRING "CoinUtils 2.9.12"
| #define PACKAGE_BUGREPORT "http://projects.coin-or.org/CoinUtils"
| #define COINUTILS_VERSION "2.9.12"
| #define COINUTILS_VERSION_MAJOR 2
| #define COINUTILS_VERSION_MINOR 9
| #define COINUTILS_VERSION_RELEASE 12
| #define COIN_COINUTILS_VERBOSITY 0
| #define COIN_COINUTILS_CHECKLEVEL 0
| #ifdef __cplusplus
| extern "C" void exit (int);
| #endif
| #define F77_FUNC(name,NAME) name ## _
| #define F77_FUNC_(name,NAME) name ## _
| #define PACKAGE "coinutils"
| #define VERSION "2.9.12"
| #define STDC_HEADERS 1
| #define HAVE_SYS_TYPES_H 1
| #define HAVE_SYS_STAT_H 1
| #define HAVE_STDLIB_H 1
| #define HAVE_STRING_H 1
| #define HAVE_MEMORY_H 1
| #define HAVE_STRINGS_H 1
| #define HAVE_INTTYPES_H 1
| #define HAVE_STDINT_H 1
| #define HAVE_UNISTD_H 1
| #define HAVE_DLFCN_H 1
| #define HAVE_CMATH 1
| #define HAVE_CFLOAT 1
| #define COIN_C_FINITE finite
| #define HAVE_CMATH 1
| #define HAVE_CFLOAT 1
| #define COIN_C_ISNAN std::isnan
| #define COINUTILS_MEMPOOL_MAXPOOLED -1
| #define HAVE_CINTTYPES 1
| #define HAVE_CSTDINT 1
| #define COIN_INT64_T int64_t
| #define COIN_UINT64_T int64_t
| #define COIN_INTPTR_T intptr_t
| /* end confdefs.h.  */
| extern "C" {void daxpy_();}
| #ifdef F77_DUMMY_MAIN
| 
| #  ifdef __cplusplus
|      extern "C"
| #  endif
|    int F77_DUMMY_MAIN() { return 1; }
| 
| #endif
| int
| main ()
| {
| daxpy_()
|   ;
|   return 0;
| }
configure:32030: result: no
configure:32048: checking whether -lblas has BLAS
configure:32325: c++ -o conftest -O3 -pipe -DNDEBUG -Wparentheses -Wreturn-type -Wcast-qual -Wall -Wpointer-arith -Wwrite-strings -Wconversion -Wno-unknown-pragmas -Wno-long-long   -DCOINUTILS_BUILD   conftest.cc -lblas  >&5
configure:32331: $? = 0
configure:32335: test -z 
			 || test ! -s conftest.err
configure:32338: $? = 0
configure:32341: test -s conftest
configure:32344: $? = 0
configure:32361: result: yes: -lblas
configure:35614: checking for COIN-OR package Glpk
configure:35779: result: not given: No package 'coinglpk' found
configure:36125: checking for COIN-OR package Sample
configure:36257: result: yes: 1.2.9 
configure:36606: checking for COIN-OR package Netlib
configure:36756: result: not given: No package 'coindatanetlib' found
configure:37124: checking zlib.h usability
configure:37136: c++ -c -O3 -pipe -DNDEBUG -Wparentheses -Wreturn-type -Wcast-qual -Wall -Wpointer-arith -Wwrite-strings -Wconversion -Wno-unknown-pragmas -Wno-long-long   -DCOINUTILS_BUILD  conftest.cc >&5
configure:37142: $? = 0
configure:37146: test -z 
			 || test ! -s conftest.err
configure:37149: $? = 0
configure:37152: test -s conftest.o
configure:37155: $? = 0
configure:37165: result: yes
configure:37169: checking zlib.h presence
configure:37179: c++ -E  conftest.cc
configure:37185: $? = 0
configure:37205: result: yes
configure:37240: checking for zlib.h
configure:37247: result: yes
configure:37263: checking for gzopen in -lz
configure:37301: c++ -o conftest -O3 -pipe -DNDEBUG -Wparentheses -Wreturn-type -Wcast-qual -Wall -Wpointer-arith -Wwrite-strings -Wconversion -Wno-unknown-pragmas -Wno-long-long   -DCOINUTILS_BUILD   conftest.cc -lz   >&5
configure:37307: $? = 0
configure:37311: test -z 
			 || test ! -s conftest.err
configure:37314: $? = 0
configure:37317: test -s conftest
configure:37320: $? = 0
configure:37333: result: yes
configure:37404: checking bzlib.h usability
configure:37416: c++ -c -O3 -pipe -DNDEBUG -Wparentheses -Wreturn-type -Wcast-qual -Wall -Wpointer-arith -Wwrite-strings -Wconversion -Wno-unknown-pragmas -Wno-long-long   -DCOINUTILS_BUILD  conftest.cc >&5
configure:37422: $? = 0
configure:37426: test -z 
			 || test ! -s conftest.err
configure:37429: $? = 0
configure:37432: test -s conftest.o
configure:37435: $? = 0
configure:37445: result: yes
configure:37449: checking bzlib.h presence
configure:37459: c++ -E  conftest.cc
configure:37465: $? = 0
configure:37485: result: yes
configure:37520: checking for bzlib.h
configure:37527: result: yes
configure:37543: checking for BZ2_bzReadOpen in -lbz2
configure:37581: c++ -o conftest -O3 -pipe -DNDEBUG -Wparentheses -Wreturn-type -Wcast-qual -Wall -Wpointer-arith -Wwrite-strings -Wconversion -Wno-unknown-pragmas -Wno-long-long   -DCOINUTILS_BUILD   conftest.cc -lbz2   >&5
configure:37587: $? = 0
configure:37591: test -z 
			 || test ! -s conftest.err
configure:37594: $? = 0
configure:37597: test -s conftest
configure:37600: $? = 0
configure:37613: result: yes
configure:37972: checking whether this is a VPATH configuration
configure:37979: result: no
configure:37999: configuring doxygen documentation options
configure:38006: checking for doxygen
configure:38022: found /usr/local/bin/doxygen
configure:38033: result: yes
configure:38061: checking for dot
configure:38077: found /usr/local/bin/dot
configure:38088: result: YES
configure:38184: checking which command should be used to link input files
configure:38192: result: ln -s
configure:38512: creating ./config.status

## ---------------------- ##
## Running config.status. ##
## ---------------------- ##

This file was extended by CoinUtils config.status 2.9.12, which was
generated by GNU Autoconf 2.59.  Invocation command line was

  CONFIG_FILES    = 
  CONFIG_HEADERS  = 
  CONFIG_LINKS    = 
  CONFIG_COMMANDS = 
  $ ./config.status 

on Chans-MacBook-Pro.local

config.status:834: creating Makefile
config.status:834: creating src/Makefile
config.status:834: creating test/Makefile
config.status:834: creating coinutils.pc
config.status:834: creating coinutils-uninstalled.pc
config.status:834: creating doxydoc/doxygen.conf
config.status:938: creating src/config.h
config.status:938: creating src/config_coinutils.h
config.status:1116: src/config_coinutils.h is unchanged
config.status:1296: executing depfiles commands
configure:39997: In case of trouble, first consult the troubleshooting page at https://projects.coin-or.org/BuildTools/wiki/user-troubleshooting
configure:40000: Configuration of CoinUtils successful

## ---------------- ##
## Cache variables. ##
## ---------------- ##

ac_cv_build=i386-apple-darwin16.1.0
ac_cv_build_alias=i386-apple-darwin16.1.0
ac_cv_c_compiler_gnu=yes
ac_cv_cxx_compiler_gnu=yes
ac_cv_env_ADD_CFLAGS_set=
ac_cv_env_ADD_CFLAGS_value=
ac_cv_env_ADD_CXXFLAGS_set=
ac_cv_env_ADD_CXXFLAGS_value=
ac_cv_env_ADD_FFLAGS_set=
ac_cv_env_ADD_FFLAGS_value=
ac_cv_env_CC_set=set
ac_cv_env_CC_value=cc
ac_cv_env_CDEFS_set=
ac_cv_env_CDEFS_value=
ac_cv_env_CFLAGS_set=
ac_cv_env_CFLAGS_value=
ac_cv_env_CPPFLAGS_set=
ac_cv_env_CPPFLAGS_value=
ac_cv_env_CPP_set=
ac_cv_env_CPP_value=
ac_cv_env_CXXCPP_set=
ac_cv_env_CXXCPP_value=
ac_cv_env_CXXDEFS_set=
ac_cv_env_CXXDEFS_value=
ac_cv_env_CXXFLAGS_set=
ac_cv_env_CXXFLAGS_value=
ac_cv_env_CXX_set=set
ac_cv_env_CXX_value=c++
ac_cv_env_DBG_CFLAGS_set=
ac_cv_env_DBG_CFLAGS_value=
ac_cv_env_DBG_CXXFLAGS_set=
ac_cv_env_DBG_CXXFLAGS_value=
ac_cv_env_DBG_FFLAGS_set=
ac_cv_env_DBG_FFLAGS_value=
ac_cv_env_F77_set=
ac_cv_env_F77_value=
ac_cv_env_FFLAGS_set=
ac_cv_env_FFLAGS_value=
ac_cv_env_LDFLAGS_set=
ac_cv_env_LDFLAGS_value=
ac_cv_env_MPICC_set=
ac_cv_env_MPICC_value=
ac_cv_env_MPICXX_set=
ac_cv_env_MPICXX_value=
ac_cv_env_MPIF77_set=
ac_cv_env_MPIF77_value=
ac_cv_env_OPT_CFLAGS_set=
ac_cv_env_OPT_CFLAGS_value=
ac_cv_env_OPT_CXXFLAGS_set=
ac_cv_env_OPT_CXXFLAGS_value=
ac_cv_env_OPT_FFLAGS_set=
ac_cv_env_OPT_FFLAGS_value=
ac_cv_env_PKG_CONFIG_set=
ac_cv_env_PKG_CONFIG_value=
ac_cv_env_build_alias_set=
ac_cv_env_build_alias_value=
ac_cv_env_host_alias_set=
ac_cv_env_host_alias_value=
ac_cv_env_target_alias_set=
ac_cv_env_target_alias_value=
ac_cv_exeext=
ac_cv_f77_compiler_gnu=yes
ac_cv_f77_dummy_main=none
ac_cv_f77_libs=' -L/usr/local/Cellar/gcc/6.2.0/lib/gcc/6/gcc/x86_64-apple-darwin16.0.0/6.2.0 -L/usr/local/Cellar/gcc/6.2.0/lib/gcc/6/gcc/x86_64-apple-darwin16.0.0/6.2.0/../../.. -lgfortran -lSystem -lquadmath -lm'
ac_cv_f77_mangling='lower case, underscore, no extra underscore'
ac_cv_fortran_dummy_main=none
ac_cv_have_decl_finite=yes
ac_cv_have_decl_isfinite=no
ac_cv_have_decl_isnan=no
ac_cv_have_decl_std__isnan_42_42_=yes
ac_cv_header_bzlib_h=yes
ac_cv_header_cfloat=yes
ac_cv_header_cieeefp=no
ac_cv_header_cinttypes=yes
ac_cv_header_cmath=yes
ac_cv_header_cstdint=yes
ac_cv_header_endian_h=no
ac_cv_header_ieeefp_h=no
ac_cv_header_windows_h=no
ac_cv_header_zlib_h=yes
ac_cv_lib_bz2_BZ2_bzReadOpen=yes
ac_cv_lib_z_gzopen=yes
ac_cv_objext=o
ac_cv_path_install='/usr/local/bin/ginstall -c'
ac_cv_prog_AWK=gawk
ac_cv_prog_ac_ct_F77=gfortran
ac_cv_prog_ac_ct_PKG_CONFIG=pkg-config
ac_cv_prog_cc_g=yes
ac_cv_prog_cc_stdc=
ac_cv_prog_coin_doxy_usedot=YES
ac_cv_prog_coin_have_doxygen=yes
ac_cv_prog_cxx_g=yes
ac_cv_prog_egrep='grep -E'
ac_cv_prog_f77_g=yes
ac_cv_prog_f77_v=-v
ac_cv_prog_have_svnversion=yes
ac_cv_prog_make_make_set=yes
ac_cv_type_int64_t=yes
ac_cv_type_intptr_t=yes
am_cv_CC_dependencies_compiler_type=gcc3
am_cv_CXX_dependencies_compiler_type=gcc3

## ----------------- ##
## Output variables. ##
## ----------------- ##

ABSBUILDDIR='/Users/channgo/Working/c4b-new/modif/pasta/packages/Clp-1.15.7/CoinUtils'
ACLOCAL='${SHELL} /Users/channgo/Working/c4b-new/modif/pasta/packages/Clp-1.15.7/CoinUtils/missing --run aclocal-1.9'
ADD_CFLAGS=''
ADD_CXXFLAGS=''
ADD_FFLAGS=''
ALWAYS_FALSE_FALSE=''
ALWAYS_FALSE_TRUE='#'
AMDEPBACKSLASH='\'
AMDEP_FALSE='#'
AMDEP_TRUE=''
AMTAR='${SHELL} /Users/channgo/Working/c4b-new/modif/pasta/packages/Clp-1.15.7/CoinUtils/missing --run tar'
AR='ar'
AUTOCONF='${SHELL} /Users/channgo/Working/c4b-new/modif/pasta/packages/Clp-1.15.7/CoinUtils/missing --run autoconf'
AUTOHEADER='${SHELL} /Users/channgo/Working/c4b-new/modif/pasta/packages/Clp-1.15.7/CoinUtils/missing --run autoheader'
AUTOMAKE='${SHELL} /Users/channgo/Working/c4b-new/modif/pasta/packages/Clp-1.15.7/CoinUtils/missing --run automake-1.9'
AUX_DIR=''
AWK='gawk'
BLAS_CFLAGS=''
BLAS_CFLAGS_INSTALLED=''
BLAS_DATA=''
BLAS_DATA_INSTALLED=''
BLAS_DEPENDENCIES=''
BLAS_LIBS='-lblas'
BLAS_LIBS_INSTALLED=''
BUILDTOOLSDIR=''
CC='cc'
CCDEPMODE='depmode=gcc3'
CDEFS=''
CFLAGS='-O3 -pipe -DNDEBUG -Wimplicit -Wparentheses -Wsequence-point -Wreturn-type -Wcast-qual -Wall -Wno-unknown-pragmas -Wno-long-long   -DCOINUTILS_BUILD'
COINUTILSLIB_CFLAGS=''
COINUTILSLIB_CFLAGS_INSTALLED=''
COINUTILSLIB_DEPENDENCIES=''
COINUTILSLIB_LIBS='-lbz2 -lz -lblas -lm '
COINUTILSLIB_LIBS_INSTALLED='-lbz2 -lz -lblas -lm '
COINUTILSLIB_PCLIBS='-lbz2 -lz -lblas -lm '
COINUTILSLIB_PCREQUIRES=''
COINUTILS_SVN_REV=''
COIN_CC_IS_CL_FALSE=''
COIN_CC_IS_CL_TRUE='#'
COIN_CXX_IS_CL_FALSE=''
COIN_CXX_IS_CL_TRUE='#'
COIN_HAS_BLAS_FALSE='#'
COIN_HAS_BLAS_TRUE=''
COIN_HAS_GLPK_FALSE=''
COIN_HAS_GLPK_TRUE='#'
COIN_HAS_LAPACK_FALSE=''
COIN_HAS_LAPACK_TRUE='#'
COIN_HAS_NETLIB_FALSE=''
COIN_HAS_NETLIB_TRUE='#'
COIN_HAS_PKGCONFIG_FALSE='#'
COIN_HAS_PKGCONFIG_TRUE=''
COIN_HAS_SAMPLE_FALSE='#'
COIN_HAS_SAMPLE_TRUE=''
COIN_HAS_ZLIB_FALSE='#'
COIN_HAS_ZLIB_TRUE=''
COIN_PKG_CONFIG_PATH='/Users/channgo/Working/c4b-new/modif/pasta/packages/sandbox/lib64/pkgconfig:/Users/channgo/Working/c4b-new/modif/pasta/packages/sandbox/lib/pkgconfig:/Users/channgo/Working/c4b-new/modif/pasta/packages/sandbox/share/pkgconfig:'
COIN_PKG_CONFIG_PATH_UNINSTALLED='/Users/channgo/Working/c4b-new/modif/pasta/packages/Clp-1.15.7/Clp:/Users/channgo/Working/c4b-new/modif/pasta/packages/Clp-1.15.7/Osi:/Users/channgo/Working/c4b-new/modif/pasta/packages/Clp-1.15.7/CoinUtils:/Users/channgo/Working/c4b-new/modif/pasta/packages/Clp-1.15.7/Data/Sample:'
CPP='cc -E'
CPPFLAGS=''
CXX='c++'
CXXCPP='c++ -E'
CXXDEFS=''
CXXDEPMODE='depmode=gcc3'
CXXFLAGS='-O3 -pipe -DNDEBUG -Wparentheses -Wreturn-type -Wcast-qual -Wall -Wpointer-arith -Wwrite-strings -Wconversion -Wno-unknown-pragmas -Wno-long-long   -DCOINUTILS_BUILD'
CYGPATH_W='echo'
DBG_CFLAGS='-g -O0 -pipe -Wimplicit -Wparentheses -Wsequence-point -Wreturn-type -Wcast-qual -Wall -Wno-unknown-pragmas -Wno-long-long  '
DBG_CXXFLAGS='-g -O0 -pipe -Wparentheses -Wreturn-type -Wcast-qual -Wall -Wpointer-arith -Wwrite-strings -Wconversion -Wno-unknown-pragmas -Wno-long-long  '
DBG_FFLAGS='-g -O0 -pipe  '
DEFS='-DHAVE_CONFIG_H'
DEPDIR='.deps'
DEPENDENCY_LINKING_FALSE=''
DEPENDENCY_LINKING_TRUE='#'
ECHO='/bin/echo'
ECHO_C='ECHO_N=''
ECHO_T=''
EGREP='grep -E'
EXEEXT=''
F77='gfortran'
FFLAGS='-O3 -pipe  '
FLIBS=' -L/usr/local/Cellar/gcc/6.2.0/lib/gcc/6/gcc/x86_64-apple-darwin16.0.0/6.2.0 -L/usr/local/Cellar/gcc/6.2.0/lib/gcc/6/gcc/x86_64-apple-darwin16.0.0/6.2.0/../../.. -lgfortran -lSystem -lquadmath -lm'
GLPK_CFLAGS=''
GLPK_CFLAGS_INSTALLED=''
GLPK_DATA=''
GLPK_DATA_INSTALLED=''
GLPK_DEPENDENCIES=''
GLPK_LIBS=''
GLPK_LIBS_INSTALLED=''
HAVE_EXTERNALS_FALSE=''
HAVE_EXTERNALS_TRUE='#'
INSTALL_DATA='${INSTALL} -m 644'
INSTALL_PROGRAM='${INSTALL}'
INSTALL_SCRIPT='${INSTALL}'
INSTALL_STRIP_PROGRAM='${SHELL} $(install_sh) -c -s'
LAPACK_CFLAGS=''
LAPACK_CFLAGS_INSTALLED=''
LAPACK_DATA=''
LAPACK_DATA_INSTALLED=''
LAPACK_DEPENDENCIES=''
LAPACK_LIBS=''
LAPACK_LIBS_INSTALLED=''
LDFLAGS=''
LIBEXT='a'
LIBOBJS=''
LIBS=''
LIBTOOL='$(SHELL) $(top_builddir)/../libtool'
LIBTOOLM4=''
LN_S='ln -s'
LTLIBOBJS=''
LT_LDFLAGS=' -version-info 12:12:9'
MAINT='#'
MAINTAINER_MODE_FALSE=''
MAINTAINER_MODE_TRUE='#'
MAKEINFO='${SHELL} /Users/channgo/Working/c4b-new/modif/pasta/packages/Clp-1.15.7/CoinUtils/missing --run makeinfo'
MPICC=''
MPICXX=''
MPIF77=''
NETLIB_CFLAGS=''
NETLIB_CFLAGS_INSTALLED=''
NETLIB_DATA=''
NETLIB_DATA_INSTALLED=''
NETLIB_DEPENDENCIES=''
NETLIB_LIBS=''
NETLIB_LIBS_INSTALLED=''
OBJEXT='o'
OPT_CFLAGS='-O3 -pipe -DNDEBUG -Wimplicit -Wparentheses -Wsequence-point -Wreturn-type -Wcast-qual -Wall -Wno-unknown-pragmas -Wno-long-long  '
OPT_CXXFLAGS='-O3 -pipe -DNDEBUG -Wparentheses -Wreturn-type -Wcast-qual -Wall -Wpointer-arith -Wwrite-strings -Wconversion -Wno-unknown-pragmas -Wno-long-long  '
OPT_FFLAGS='-O3 -pipe  '
PACKAGE='coinutils'
PACKAGE_BUGREPORT='http://projects.coin-or.org/CoinUtils'
PACKAGE_NAME='CoinUtils'
PACKAGE_STRING='CoinUtils 2.9.12'
PACKAGE_TARNAME='coinutils'
PACKAGE_VERSION='2.9.12'
PATH_SEPARATOR=':'
PKG_CONFIG='pkg-config'
RANLIB='ranlib'
RPATH_FLAGS=''
SAMPLE_CFLAGS=''
SAMPLE_CFLAGS_INSTALLED=''
SAMPLE_DATA='/Users/channgo/Working/c4b-new/modif/pasta/packages/Clp-1.15.7/Data/Sample'
SAMPLE_DATA_INSTALLED=''
SAMPLE_DEPENDENCIES=' '
SAMPLE_LIBS=''
SAMPLE_LIBS_INSTALLED=''
SET_MAKE=''
SHELL='/bin/sh'
STRIP='strip'
VERSION='2.9.12'
VPATH_DISTCLEANFILES=''
abs_bin_dir='/Users/channgo/Working/c4b-new/modif/pasta/packages/sandbox/bin'
abs_include_dir='/Users/channgo/Working/c4b-new/modif/pasta/packages/sandbox/include'
abs_lib_dir='/Users/channgo/Working/c4b-new/modif/pasta/packages/sandbox/lib'
abs_source_dir='/Users/channgo/Working/c4b-new/modif/pasta/packages/Clp-1.15.7/CoinUtils'
ac_c_preproc_warn_flag=''
ac_ct_AR='ar'
ac_ct_CC=''
ac_ct_CXX=''
ac_ct_F77='gfortran'
ac_ct_PKG_CONFIG='pkg-config'
ac_ct_RANLIB='ranlib'
ac_ct_STRIP='strip'
ac_cxx_preproc_warn_flag=''
am__fastdepCC_FALSE='#'
am__fastdepCC_TRUE=''
am__fastdepCXX_FALSE='#'
am__fastdepCXX_TRUE=''
am__include='include'
am__leading_dot='.'
am__quote=''
am__tar='${AMTAR} chof - "$$tardir"'
am__untar='${AMTAR} xf -'
bindir='${exec_prefix}/bin'
build='i386-apple-darwin16.1.0'
build_alias=''
build_cpu='i386'
build_os='darwin16.1.0'
build_vendor='apple'
coin_doxy_excludes=''
coin_doxy_logname='doxydoc/coinutils_doxy.log'
coin_doxy_tagfiles=''
coin_doxy_tagname='doxydoc/coinutils_doxy.tag'
coin_doxy_usedot='YES'
coin_have_doxygen='yes'
datadir='${prefix}/share'
exec_prefix='${prefix}'
have_autoconf=''
have_automake=''
have_svn=''
have_svnversion='yes'
host='i386-apple-darwin16.1.0'
host_alias=''
host_cpu='i386'
host_os='darwin16.1.0'
host_vendor='apple'
includedir='${prefix}/include'
infodir='${prefix}/info'
install_sh='/Users/channgo/Working/c4b-new/modif/pasta/packages/Clp-1.15.7/CoinUtils/install-sh'
libdir='${exec_prefix}/lib'
libexecdir='${exec_prefix}/libexec'
localstatedir='${prefix}/var'
mandir='${prefix}/man'
mkdir_p='$(install_sh) -d'
oldincludedir='/usr/include'
prefix='/Users/channgo/Working/c4b-new/modif/pasta/packages/sandbox'
program_transform_name='s,x,x,'
sbindir='${exec_prefix}/sbin'
sharedstatedir='${prefix}/com'
sol_cc_compiler=''
sysconfdir='${prefix}/etc'
target_alias=''

## ----------- ##
## confdefs.h. ##
## ----------- ##

#define COINUTILS_MEMPOOL_MAXPOOLED -1
#define COINUTILS_VERSION "2.9.12"
#define COINUTILS_VERSION_MAJOR 2
#define COINUTILS_VERSION_MINOR 9
#define COINUTILS_VERSION_RELEASE 12
#define COIN_COINUTILS_CHECKLEVEL 0
#define COIN_COINUTILS_VERBOSITY 0
#define COIN_C_FINITE finite
#define COIN_C_ISNAN std::isnan
#define COIN_HAS_BLAS 1
#define COIN_HAS_BZLIB 1
#define COIN_HAS_SAMPLE 1
#define COIN_HAS_ZLIB 1
#define COIN_INT64_T int64_t
#define COIN_INTPTR_T intptr_t
#define COIN_UINT64_T int64_t
#define F77_FUNC(name,NAME) name ## _
#define F77_FUNC_(name,NAME) name ## _
#define HAVE_BZLIB_H 1
#define HAVE_CFLOAT 1
#define HAVE_CFLOAT 1
#define HAVE_CINTTYPES 1
#define HAVE_CMATH 1
#define HAVE_CMATH 1
#define HAVE_CSTDINT 1
#define HAVE_DLFCN_H 1
#define HAVE_INTTYPES_H 1
#define HAVE_MEMORY_H 1
#define HAVE_STDINT_H 1
#define HAVE_STDLIB_H 1
#define HAVE_STRINGS_H 1
#define HAVE_STRING_H 1
#define HAVE_SYS_STAT_H 1
#define HAVE_SYS_TYPES_H 1
#define HAVE_UNISTD_H 1
#define HAVE_ZLIB_H 1
#define PACKAGE "coinutils"
#define PACKAGE_BUGREPORT "http://projects.coin-or.org/CoinUtils"
#define PACKAGE_NAME "CoinUtils"
#define PACKAGE_STRING "CoinUtils 2.9.12"
#define PACKAGE_TARNAME "coinutils"
#define PACKAGE_VERSION "2.9.12"
#define STDC_HEADERS 1
#define VERSION "2.9.12"
#endif
#ifdef __cplusplus
extern "C" void exit (int);

configure: exit 0
